{"C:\\Users\\artyw\\AppData\\Local\\Programs\\WebStorm\\plugins\\javascript-impl\\helpers\\base-test-reporter\\intellij-stringifier.js": {"path":"C:\\Users\\artyw\\AppData\\Local\\Programs\\WebStorm\\plugins\\javascript-impl\\helpers\\base-test-reporter\\intellij-stringifier.js","statementMap":{"0":{"start":{"line":1,"column":11},"end":{"line":1,"column":37}},"1":{"start":{"line":8,"column":12},"end":{"line":8,"column":30}},"2":{"start":{"line":9,"column":2},"end":{"line":11,"column":3}},"3":{"start":{"line":10,"column":4},"end":{"line":10,"column":15}},"4":{"start":{"line":12,"column":2},"end":{"line":12,"column":79}},"5":{"start":{"line":20,"column":2},"end":{"line":22,"column":3}},"6":{"start":{"line":21,"column":4},"end":{"line":21,"column":17}},"7":{"start":{"line":23,"column":24},"end":{"line":23,"column":51}},"8":{"start":{"line":24,"column":2},"end":{"line":26,"column":3}},"9":{"start":{"line":25,"column":4},"end":{"line":25,"column":38}},"10":{"start":{"line":27,"column":2},"end":{"line":29,"column":3}},"11":{"start":{"line":28,"column":4},"end":{"line":28,"column":23}},"12":{"start":{"line":31,"column":17},"end":{"line":40,"column":7}},"13":{"start":{"line":32,"column":4},"end":{"line":38,"column":5}},"14":{"start":{"line":34,"column":6},"end":{"line":36,"column":7}},"15":{"start":{"line":35,"column":8},"end":{"line":35,"column":120}},"16":{"start":{"line":37,"column":6},"end":{"line":37,"column":51}},"17":{"start":{"line":39,"column":4},"end":{"line":39,"column":17}},"18":{"start":{"line":41,"column":2},"end":{"line":43,"column":3}},"19":{"start":{"line":42,"column":4},"end":{"line":42,"column":118}},"20":{"start":{"line":42,"column":101},"end":{"line":42,"column":116}},"21":{"start":{"line":44,"column":2},"end":{"line":44,"column":16}},"22":{"start":{"line":48,"column":2},"end":{"line":48,"column":29}},"23":{"start":{"line":52,"column":17},"end":{"line":52,"column":19}},"24":{"start":{"line":53,"column":2},"end":{"line":89,"column":12}},"25":{"start":{"line":54,"column":4},"end":{"line":56,"column":5}},"26":{"start":{"line":55,"column":6},"end":{"line":55,"column":19}},"27":{"start":{"line":57,"column":4},"end":{"line":59,"column":5}},"28":{"start":{"line":58,"column":6},"end":{"line":58,"column":19}},"29":{"start":{"line":60,"column":4},"end":{"line":62,"column":5}},"30":{"start":{"line":61,"column":6},"end":{"line":61,"column":19}},"31":{"start":{"line":64,"column":4},"end":{"line":66,"column":5}},"32":{"start":{"line":65,"column":6},"end":{"line":65,"column":59}},"33":{"start":{"line":67,"column":4},"end":{"line":67,"column":23}},"34":{"start":{"line":68,"column":4},"end":{"line":88,"column":5}},"35":{"start":{"line":69,"column":6},"end":{"line":73,"column":7}},"36":{"start":{"line":70,"column":8},"end":{"line":72,"column":11}},"37":{"start":{"line":71,"column":10},"end":{"line":71,"column":33}},"38":{"start":{"line":75,"column":6},"end":{"line":83,"column":7}},"39":{"start":{"line":76,"column":19},"end":{"line":76,"column":37}},"40":{"start":{"line":77,"column":8},"end":{"line":77,"column":20}},"41":{"start":{"line":78,"column":18},"end":{"line":78,"column":20}},"42":{"start":{"line":79,"column":8},"end":{"line":81,"column":11}},"43":{"start":{"line":80,"column":10},"end":{"line":80,"column":40}},"44":{"start":{"line":82,"column":8},"end":{"line":82,"column":19}},"45":{"start":{"line":84,"column":6},"end":{"line":84,"column":19}},"46":{"start":{"line":87,"column":6},"end":{"line":87,"column":19}},"47":{"start":{"line":92,"column":0},"end":{"line":92,"column":30}}},"fnMap":{"0":{"name":"stringify","decl":{"start":{"line":7,"column":9},"end":{"line":7,"column":18}},"loc":{"start":{"line":7,"column":26},"end":{"line":13,"column":1}},"line":7},"1":{"name":"doStringify","decl":{"start":{"line":19,"column":9},"end":{"line":19,"column":20}},"loc":{"start":{"line":19,"column":28},"end":{"line":45,"column":1}},"line":19},"2":{"name":"(anonymous_2)","decl":{"start":{"line":31,"column":49},"end":{"line":31,"column":50}},"loc":{"start":{"line":31,"column":65},"end":{"line":40,"column":3}},"line":31},"3":{"name":"(anonymous_3)","decl":{"start":{"line":42,"column":83},"end":{"line":42,"column":84}},"loc":{"start":{"line":42,"column":101},"end":{"line":42,"column":116}},"line":42},"4":{"name":"isObject","decl":{"start":{"line":47,"column":9},"end":{"line":47,"column":17}},"loc":{"start":{"line":47,"column":23},"end":{"line":49,"column":1}},"line":47},"5":{"name":"deepCopyAndNormalize","decl":{"start":{"line":51,"column":9},"end":{"line":51,"column":29}},"loc":{"start":{"line":51,"column":37},"end":{"line":90,"column":1}},"line":51},"6":{"name":"doCopy","decl":{"start":{"line":53,"column":19},"end":{"line":53,"column":25}},"loc":{"start":{"line":53,"column":33},"end":{"line":89,"column":3}},"line":53},"7":{"name":"(anonymous_7)","decl":{"start":{"line":70,"column":25},"end":{"line":70,"column":26}},"loc":{"start":{"line":70,"column":44},"end":{"line":72,"column":9}},"line":70},"8":{"name":"(anonymous_8)","decl":{"start":{"line":79,"column":21},"end":{"line":79,"column":22}},"loc":{"start":{"line":79,"column":36},"end":{"line":81,"column":9}},"line":79}},"branchMap":{"0":{"loc":{"start":{"line":9,"column":2},"end":{"line":11,"column":3}},"type":"if","locations":[{"start":{"line":9,"column":2},"end":{"line":11,"column":3}},{"start":{"line":9,"column":2},"end":{"line":11,"column":3}}],"line":9},"1":{"loc":{"start":{"line":20,"column":2},"end":{"line":22,"column":3}},"type":"if","locations":[{"start":{"line":20,"column":2},"end":{"line":22,"column":3}},{"start":{"line":20,"column":2},"end":{"line":22,"column":3}}],"line":20},"2":{"loc":{"start":{"line":24,"column":2},"end":{"line":26,"column":3}},"type":"if","locations":[{"start":{"line":24,"column":2},"end":{"line":26,"column":3}},{"start":{"line":24,"column":2},"end":{"line":26,"column":3}}],"line":24},"3":{"loc":{"start":{"line":27,"column":2},"end":{"line":29,"column":3}},"type":"if","locations":[{"start":{"line":27,"column":2},"end":{"line":29,"column":3}},{"start":{"line":27,"column":2},"end":{"line":29,"column":3}}],"line":27},"4":{"loc":{"start":{"line":32,"column":4},"end":{"line":38,"column":5}},"type":"if","locations":[{"start":{"line":32,"column":4},"end":{"line":38,"column":5}},{"start":{"line":32,"column":4},"end":{"line":38,"column":5}}],"line":32},"5":{"loc":{"start":{"line":34,"column":6},"end":{"line":36,"column":7}},"type":"if","locations":[{"start":{"line":34,"column":6},"end":{"line":36,"column":7}},{"start":{"line":34,"column":6},"end":{"line":36,"column":7}}],"line":34},"6":{"loc":{"start":{"line":41,"column":2},"end":{"line":43,"column":3}},"type":"if","locations":[{"start":{"line":41,"column":2},"end":{"line":43,"column":3}},{"start":{"line":41,"column":2},"end":{"line":43,"column":3}}],"line":41},"7":{"loc":{"start":{"line":54,"column":4},"end":{"line":56,"column":5}},"type":"if","locations":[{"start":{"line":54,"column":4},"end":{"line":56,"column":5}},{"start":{"line":54,"column":4},"end":{"line":56,"column":5}}],"line":54},"8":{"loc":{"start":{"line":57,"column":4},"end":{"line":59,"column":5}},"type":"if","locations":[{"start":{"line":57,"column":4},"end":{"line":59,"column":5}},{"start":{"line":57,"column":4},"end":{"line":59,"column":5}}],"line":57},"9":{"loc":{"start":{"line":57,"column":8},"end":{"line":57,"column":92}},"type":"binary-expr","locations":[{"start":{"line":57,"column":8},"end":{"line":57,"column":33}},{"start":{"line":57,"column":37},"end":{"line":57,"column":63}},{"start":{"line":57,"column":67},"end":{"line":57,"column":92}}],"line":57},"10":{"loc":{"start":{"line":60,"column":4},"end":{"line":62,"column":5}},"type":"if","locations":[{"start":{"line":60,"column":4},"end":{"line":62,"column":5}},{"start":{"line":60,"column":4},"end":{"line":62,"column":5}}],"line":60},"11":{"loc":{"start":{"line":64,"column":4},"end":{"line":66,"column":5}},"type":"if","locations":[{"start":{"line":64,"column":4},"end":{"line":66,"column":5}},{"start":{"line":64,"column":4},"end":{"line":66,"column":5}}],"line":64},"12":{"loc":{"start":{"line":69,"column":6},"end":{"line":73,"column":7}},"type":"if","locations":[{"start":{"line":69,"column":6},"end":{"line":73,"column":7}},{"start":{"line":69,"column":6},"end":{"line":73,"column":7}}],"line":69},"13":{"loc":{"start":{"line":75,"column":6},"end":{"line":83,"column":7}},"type":"if","locations":[{"start":{"line":75,"column":6},"end":{"line":83,"column":7}},{"start":{"line":75,"column":6},"end":{"line":83,"column":7}}],"line":75}},"s":{"0":1,"1":2,"2":2,"3":2,"4":0,"5":2,"6":0,"7":2,"8":2,"9":0,"10":2,"11":1,"12":1,"13":4,"14":0,"15":0,"16":0,"17":4,"18":1,"19":0,"20":0,"21":1,"22":0,"23":2,"24":2,"25":5,"26":1,"27":4,"28":3,"29":1,"30":0,"31":1,"32":0,"33":1,"34":1,"35":1,"36":1,"37":3,"38":0,"39":0,"40":0,"41":0,"42":0,"43":0,"44":0,"45":0,"46":1,"47":1},"f":{"0":2,"1":2,"2":4,"3":0,"4":0,"5":2,"6":5,"7":3,"8":0},"b":{"0":[2,0],"1":[0,2],"2":[0,2],"3":[1,1],"4":[0,4],"5":[0,0],"6":[0,1],"7":[1,4],"8":[3,1],"9":[4,4,4],"10":[0,1],"11":[0,1],"12":[1,0],"13":[0,0]},"_coverageSchema":"43e27e138ebf9cfc5966b082cf9a028302ed4184","hash":"1217420f5e25f1f3ba551c34b4336ce1ffc65121"}
,"C:\\Users\\artyw\\AppData\\Local\\Programs\\WebStorm\\plugins\\javascript-impl\\helpers\\base-test-reporter\\intellij-tree.js": {"path":"C:\\Users\\artyw\\AppData\\Local\\Programs\\WebStorm\\plugins\\javascript-impl\\helpers\\base-test-reporter\\intellij-tree.js","statementMap":{"0":{"start":{"line":1,"column":21},"end":{"line":1,"column":34}},"1":{"start":{"line":4,"column":2},"end":{"line":11,"column":5}},"2":{"start":{"line":16,"column":2},"end":{"line":16,"column":27}},"3":{"start":{"line":17,"column":2},"end":{"line":17,"column":23}},"4":{"start":{"line":22,"column":2},"end":{"line":24,"column":4}},"5":{"start":{"line":23,"column":4},"end":{"line":23,"column":22}},"6":{"start":{"line":30,"column":2},"end":{"line":30,"column":36}},"7":{"start":{"line":35,"column":2},"end":{"line":35,"column":18}},"8":{"start":{"line":38,"column":0},"end":{"line":40,"column":2}},"9":{"start":{"line":39,"column":2},"end":{"line":39,"column":84}},"10":{"start":{"line":42,"column":0},"end":{"line":44,"column":2}},"11":{"start":{"line":43,"column":2},"end":{"line":43,"column":47}},"12":{"start":{"line":46,"column":0},"end":{"line":56,"column":2}},"13":{"start":{"line":47,"column":12},"end":{"line":47,"column":76}},"14":{"start":{"line":48,"column":2},"end":{"line":50,"column":3}},"15":{"start":{"line":49,"column":4},"end":{"line":49,"column":59}},"16":{"start":{"line":51,"column":2},"end":{"line":53,"column":3}},"17":{"start":{"line":52,"column":4},"end":{"line":52,"column":61}},"18":{"start":{"line":54,"column":2},"end":{"line":54,"column":15}},"19":{"start":{"line":55,"column":2},"end":{"line":55,"column":20}},"20":{"start":{"line":58,"column":0},"end":{"line":62,"column":2}},"21":{"start":{"line":59,"column":2},"end":{"line":61,"column":3}},"22":{"start":{"line":60,"column":4},"end":{"line":60,"column":75}},"23":{"start":{"line":64,"column":0},"end":{"line":67,"column":2}},"24":{"start":{"line":65,"column":2},"end":{"line":65,"column":35}},"25":{"start":{"line":66,"column":2},"end":{"line":66,"column":45}},"26":{"start":{"line":69,"column":0},"end":{"line":71,"column":2}},"27":{"start":{"line":70,"column":2},"end":{"line":70,"column":46}},"28":{"start":{"line":73,"column":0},"end":{"line":80,"column":2}},"29":{"start":{"line":74,"column":19},"end":{"line":74,"column":46}},"30":{"start":{"line":75,"column":2},"end":{"line":77,"column":3}},"31":{"start":{"line":76,"column":4},"end":{"line":76,"column":106}},"32":{"start":{"line":78,"column":2},"end":{"line":78,"column":20}},"33":{"start":{"line":79,"column":2},"end":{"line":79,"column":27}},"34":{"start":{"line":99,"column":2},"end":{"line":99,"column":19}},"35":{"start":{"line":104,"column":2},"end":{"line":104,"column":15}},"36":{"start":{"line":109,"column":2},"end":{"line":109,"column":23}},"37":{"start":{"line":114,"column":2},"end":{"line":114,"column":19}},"38":{"start":{"line":119,"column":2},"end":{"line":119,"column":19}},"39":{"start":{"line":124,"column":2},"end":{"line":124,"column":35}},"40":{"start":{"line":129,"column":2},"end":{"line":129,"column":33}},"41":{"start":{"line":138,"column":2},"end":{"line":138,"column":19}},"42":{"start":{"line":140,"column":0},"end":{"line":142,"column":2}},"43":{"start":{"line":141,"column":4},"end":{"line":141,"column":21}},"44":{"start":{"line":143,"column":0},"end":{"line":143,"column":45}},"45":{"start":{"line":144,"column":0},"end":{"line":144,"column":51}},"46":{"start":{"line":145,"column":0},"end":{"line":145,"column":45}},"47":{"start":{"line":146,"column":0},"end":{"line":146,"column":47}},"48":{"start":{"line":153,"column":0},"end":{"line":157,"column":2}},"49":{"start":{"line":154,"column":13},"end":{"line":154,"column":38}},"50":{"start":{"line":155,"column":2},"end":{"line":155,"column":26}},"51":{"start":{"line":156,"column":2},"end":{"line":156,"column":36}},"52":{"start":{"line":163,"column":0},"end":{"line":168,"column":2}},"53":{"start":{"line":164,"column":2},"end":{"line":166,"column":3}},"54":{"start":{"line":165,"column":4},"end":{"line":165,"column":38}},"55":{"start":{"line":167,"column":2},"end":{"line":167,"column":54}},"56":{"start":{"line":175,"column":0},"end":{"line":195,"column":2}},"57":{"start":{"line":176,"column":25},"end":{"line":176,"column":51}},"58":{"start":{"line":177,"column":13},"end":{"line":177,"column":26}},"59":{"start":{"line":178,"column":2},"end":{"line":178,"column":27}},"60":{"start":{"line":179,"column":2},"end":{"line":179,"column":55}},"61":{"start":{"line":180,"column":17},"end":{"line":180,"column":49}},"62":{"start":{"line":181,"column":2},"end":{"line":181,"column":64}},"63":{"start":{"line":182,"column":2},"end":{"line":182,"column":57}},"64":{"start":{"line":183,"column":2},"end":{"line":183,"column":36}},"65":{"start":{"line":184,"column":2},"end":{"line":189,"column":3}},"66":{"start":{"line":185,"column":4},"end":{"line":185,"column":41}},"67":{"start":{"line":186,"column":4},"end":{"line":188,"column":5}},"68":{"start":{"line":187,"column":6},"end":{"line":187,"column":97}},"69":{"start":{"line":190,"column":2},"end":{"line":192,"column":3}},"70":{"start":{"line":191,"column":4},"end":{"line":191,"column":67}},"71":{"start":{"line":193,"column":2},"end":{"line":193,"column":16}},"72":{"start":{"line":194,"column":2},"end":{"line":194,"column":14}},"73":{"start":{"line":204,"column":0},"end":{"line":215,"column":2}},"74":{"start":{"line":205,"column":2},"end":{"line":207,"column":3}},"75":{"start":{"line":206,"column":4},"end":{"line":206,"column":46}},"76":{"start":{"line":208,"column":2},"end":{"line":211,"column":3}},"77":{"start":{"line":210,"column":4},"end":{"line":210,"column":11}},"78":{"start":{"line":212,"column":13},"end":{"line":212,"column":35}},"79":{"start":{"line":213,"column":2},"end":{"line":213,"column":26}},"80":{"start":{"line":214,"column":2},"end":{"line":214,"column":33}},"81":{"start":{"line":221,"column":0},"end":{"line":230,"column":2}},"82":{"start":{"line":222,"column":2},"end":{"line":224,"column":3}},"83":{"start":{"line":223,"column":4},"end":{"line":223,"column":37}},"84":{"start":{"line":225,"column":2},"end":{"line":228,"column":3}},"85":{"start":{"line":226,"column":22},"end":{"line":226,"column":48}},"86":{"start":{"line":227,"column":4},"end":{"line":227,"column":111}},"87":{"start":{"line":229,"column":2},"end":{"line":229,"column":54}},"88":{"start":{"line":237,"column":0},"end":{"line":239,"column":2}},"89":{"start":{"line":238,"column":2},"end":{"line":238,"column":51}},"90":{"start":{"line":246,"column":0},"end":{"line":262,"column":2}},"91":{"start":{"line":247,"column":2},"end":{"line":249,"column":3}},"92":{"start":{"line":248,"column":4},"end":{"line":248,"column":11}},"93":{"start":{"line":250,"column":2},"end":{"line":252,"column":3}},"94":{"start":{"line":251,"column":4},"end":{"line":251,"column":56}},"95":{"start":{"line":253,"column":13},"end":{"line":253,"column":36}},"96":{"start":{"line":254,"column":2},"end":{"line":254,"column":26}},"97":{"start":{"line":255,"column":2},"end":{"line":255,"column":34}},"98":{"start":{"line":256,"column":2},"end":{"line":261,"column":3}},"99":{"start":{"line":257,"column":17},"end":{"line":257,"column":28}},"100":{"start":{"line":258,"column":4},"end":{"line":260,"column":5}},"101":{"start":{"line":259,"column":6},"end":{"line":259,"column":31}},"102":{"start":{"line":267,"column":0},"end":{"line":269,"column":2}},"103":{"start":{"line":268,"column":2},"end":{"line":268,"column":43}},"104":{"start":{"line":275,"column":0},"end":{"line":284,"column":2}},"105":{"start":{"line":276,"column":13},"end":{"line":276,"column":56}},"106":{"start":{"line":277,"column":2},"end":{"line":277,"column":62}},"107":{"start":{"line":278,"column":24},"end":{"line":278,"column":62}},"108":{"start":{"line":279,"column":2},"end":{"line":281,"column":3}},"109":{"start":{"line":280,"column":4},"end":{"line":280,"column":28}},"110":{"start":{"line":282,"column":2},"end":{"line":282,"column":14}},"111":{"start":{"line":283,"column":2},"end":{"line":283,"column":14}},"112":{"start":{"line":291,"column":0},"end":{"line":293,"column":2}},"113":{"start":{"line":292,"column":2},"end":{"line":292,"column":51}},"114":{"start":{"line":295,"column":0},"end":{"line":302,"column":2}},"115":{"start":{"line":296,"column":2},"end":{"line":301,"column":3}},"116":{"start":{"line":297,"column":4},"end":{"line":299,"column":5}},"117":{"start":{"line":297,"column":17},"end":{"line":297,"column":18}},"118":{"start":{"line":298,"column":6},"end":{"line":298,"column":41}},"119":{"start":{"line":300,"column":4},"end":{"line":300,"column":18}},"120":{"start":{"line":317,"column":2},"end":{"line":317,"column":62}},"121":{"start":{"line":322,"column":2},"end":{"line":322,"column":21}},"122":{"start":{"line":327,"column":2},"end":{"line":327,"column":22}},"123":{"start":{"line":332,"column":2},"end":{"line":332,"column":30}},"124":{"start":{"line":335,"column":0},"end":{"line":335,"column":29}},"125":{"start":{"line":342,"column":0},"end":{"line":352,"column":1}},"126":{"start":{"line":343,"column":15},"end":{"line":343,"column":49}},"127":{"start":{"line":344,"column":2},"end":{"line":350,"column":3}},"128":{"start":{"line":346,"column":16},"end":{"line":348,"column":6}},"129":{"start":{"line":347,"column":6},"end":{"line":347,"column":44}},"130":{"start":{"line":349,"column":4},"end":{"line":349,"column":37}},"131":{"start":{"line":351,"column":2},"end":{"line":351,"column":16}},"132":{"start":{"line":359,"column":0},"end":{"line":365,"column":1}},"133":{"start":{"line":360,"column":17},"end":{"line":360,"column":51}},"134":{"start":{"line":361,"column":2},"end":{"line":363,"column":3}},"135":{"start":{"line":362,"column":4},"end":{"line":362,"column":18}},"136":{"start":{"line":364,"column":2},"end":{"line":364,"column":40}},"137":{"start":{"line":371,"column":2},"end":{"line":373,"column":3}},"138":{"start":{"line":372,"column":4},"end":{"line":372,"column":43}},"139":{"start":{"line":374,"column":2},"end":{"line":374,"column":14}},"140":{"start":{"line":381,"column":18},"end":{"line":381,"column":32}},"141":{"start":{"line":382,"column":17},"end":{"line":382,"column":57}},"142":{"start":{"line":383,"column":2},"end":{"line":392,"column":3}},"143":{"start":{"line":384,"column":4},"end":{"line":387,"column":5}},"144":{"start":{"line":385,"column":6},"end":{"line":385,"column":28}},"145":{"start":{"line":386,"column":6},"end":{"line":386,"column":49}},"146":{"start":{"line":388,"column":4},"end":{"line":388,"column":29}},"147":{"start":{"line":391,"column":4},"end":{"line":391,"column":48}},"148":{"start":{"line":399,"column":0},"end":{"line":401,"column":2}},"149":{"start":{"line":400,"column":2},"end":{"line":400,"column":28}},"150":{"start":{"line":407,"column":0},"end":{"line":409,"column":2}},"151":{"start":{"line":408,"column":2},"end":{"line":408,"column":29}},"152":{"start":{"line":415,"column":0},"end":{"line":417,"column":2}},"153":{"start":{"line":416,"column":2},"end":{"line":416,"column":14}},"154":{"start":{"line":426,"column":0},"end":{"line":438,"column":2}},"155":{"start":{"line":427,"column":2},"end":{"line":429,"column":3}},"156":{"start":{"line":428,"column":4},"end":{"line":428,"column":68}},"157":{"start":{"line":430,"column":16},"end":{"line":430,"column":34}},"158":{"start":{"line":431,"column":2},"end":{"line":433,"column":3}},"159":{"start":{"line":432,"column":4},"end":{"line":432,"column":49}},"160":{"start":{"line":434,"column":14},"end":{"line":434,"column":87}},"161":{"start":{"line":435,"column":2},"end":{"line":435,"column":28}},"162":{"start":{"line":436,"column":2},"end":{"line":436,"column":28}},"163":{"start":{"line":437,"column":2},"end":{"line":437,"column":15}},"164":{"start":{"line":447,"column":0},"end":{"line":459,"column":2}},"165":{"start":{"line":448,"column":2},"end":{"line":450,"column":3}},"166":{"start":{"line":449,"column":4},"end":{"line":449,"column":68}},"167":{"start":{"line":451,"column":16},"end":{"line":451,"column":34}},"168":{"start":{"line":452,"column":2},"end":{"line":454,"column":3}},"169":{"start":{"line":453,"column":4},"end":{"line":453,"column":49}},"170":{"start":{"line":455,"column":14},"end":{"line":455,"column":92}},"171":{"start":{"line":456,"column":2},"end":{"line":456,"column":28}},"172":{"start":{"line":457,"column":2},"end":{"line":457,"column":28}},"173":{"start":{"line":458,"column":2},"end":{"line":458,"column":15}},"174":{"start":{"line":464,"column":0},"end":{"line":471,"column":2}},"175":{"start":{"line":465,"column":2},"end":{"line":465,"column":28}},"176":{"start":{"line":466,"column":2},"end":{"line":470,"column":3}},"177":{"start":{"line":467,"column":4},"end":{"line":469,"column":5}},"178":{"start":{"line":468,"column":6},"end":{"line":468,"column":24}},"179":{"start":{"line":485,"column":2},"end":{"line":485,"column":62}},"180":{"start":{"line":490,"column":2},"end":{"line":490,"column":27}},"181":{"start":{"line":495,"column":2},"end":{"line":495,"column":34}},"182":{"start":{"line":500,"column":2},"end":{"line":500,"column":30}},"183":{"start":{"line":505,"column":2},"end":{"line":505,"column":34}},"184":{"start":{"line":510,"column":2},"end":{"line":510,"column":31}},"185":{"start":{"line":515,"column":2},"end":{"line":515,"column":29}},"186":{"start":{"line":520,"column":2},"end":{"line":520,"column":36}},"187":{"start":{"line":525,"column":2},"end":{"line":525,"column":34}},"188":{"start":{"line":530,"column":2},"end":{"line":530,"column":28}},"189":{"start":{"line":535,"column":2},"end":{"line":535,"column":43}},"190":{"start":{"line":538,"column":0},"end":{"line":538,"column":24}},"191":{"start":{"line":546,"column":2},"end":{"line":546,"column":19}},"192":{"start":{"line":548,"column":0},"end":{"line":550,"column":2}},"193":{"start":{"line":549,"column":4},"end":{"line":549,"column":21}},"194":{"start":{"line":552,"column":0},"end":{"line":552,"column":49}},"195":{"start":{"line":553,"column":0},"end":{"line":553,"column":49}},"196":{"start":{"line":554,"column":0},"end":{"line":554,"column":47}},"197":{"start":{"line":555,"column":0},"end":{"line":555,"column":45}},"198":{"start":{"line":557,"column":0},"end":{"line":557,"column":31}},"199":{"start":{"line":570,"column":0},"end":{"line":592,"column":2}},"200":{"start":{"line":573,"column":2},"end":{"line":575,"column":3}},"201":{"start":{"line":574,"column":4},"end":{"line":574,"column":54}},"202":{"start":{"line":576,"column":2},"end":{"line":576,"column":25}},"203":{"start":{"line":577,"column":2},"end":{"line":577,"column":39}},"204":{"start":{"line":578,"column":2},"end":{"line":578,"column":31}},"205":{"start":{"line":579,"column":2},"end":{"line":579,"column":39}},"206":{"start":{"line":580,"column":2},"end":{"line":580,"column":64}},"207":{"start":{"line":581,"column":2},"end":{"line":581,"column":58}},"208":{"start":{"line":582,"column":2},"end":{"line":582,"column":79}},"209":{"start":{"line":583,"column":2},"end":{"line":583,"column":73}},"210":{"start":{"line":584,"column":2},"end":{"line":591,"column":3}},"211":{"start":{"line":585,"column":4},"end":{"line":590,"column":5}},"212":{"start":{"line":586,"column":6},"end":{"line":586,"column":61}},"213":{"start":{"line":588,"column":9},"end":{"line":590,"column":5}},"214":{"start":{"line":589,"column":6},"end":{"line":589,"column":79}},"215":{"start":{"line":594,"column":0},"end":{"line":596,"column":2}},"216":{"start":{"line":595,"column":2},"end":{"line":595,"column":67}},"217":{"start":{"line":598,"column":0},"end":{"line":600,"column":2}},"218":{"start":{"line":599,"column":2},"end":{"line":599,"column":27}},"219":{"start":{"line":606,"column":0},"end":{"line":608,"column":2}},"220":{"start":{"line":607,"column":2},"end":{"line":607,"column":23}},"221":{"start":{"line":614,"column":0},"end":{"line":627,"column":2}},"222":{"start":{"line":615,"column":2},"end":{"line":626,"column":3}},"223":{"start":{"line":617,"column":6},"end":{"line":617,"column":28}},"224":{"start":{"line":619,"column":6},"end":{"line":619,"column":27}},"225":{"start":{"line":621,"column":6},"end":{"line":621,"column":26}},"226":{"start":{"line":623,"column":6},"end":{"line":623,"column":26}},"227":{"start":{"line":625,"column":6},"end":{"line":625,"column":57}},"228":{"start":{"line":634,"column":0},"end":{"line":664,"column":2}},"229":{"start":{"line":635,"column":15},"end":{"line":635,"column":17}},"230":{"start":{"line":636,"column":2},"end":{"line":638,"column":3}},"231":{"start":{"line":637,"column":4},"end":{"line":637,"column":58}},"232":{"start":{"line":639,"column":2},"end":{"line":641,"column":3}},"233":{"start":{"line":640,"column":4},"end":{"line":640,"column":31}},"234":{"start":{"line":642,"column":2},"end":{"line":644,"column":3}},"235":{"start":{"line":643,"column":4},"end":{"line":643,"column":75}},"236":{"start":{"line":645,"column":2},"end":{"line":647,"column":3}},"237":{"start":{"line":646,"column":4},"end":{"line":646,"column":79}},"238":{"start":{"line":648,"column":2},"end":{"line":650,"column":3}},"239":{"start":{"line":649,"column":4},"end":{"line":649,"column":77}},"240":{"start":{"line":651,"column":2},"end":{"line":653,"column":3}},"241":{"start":{"line":652,"column":4},"end":{"line":652,"column":73}},"242":{"start":{"line":654,"column":2},"end":{"line":656,"column":3}},"243":{"start":{"line":655,"column":4},"end":{"line":655,"column":50}},"244":{"start":{"line":657,"column":2},"end":{"line":659,"column":3}},"245":{"start":{"line":658,"column":4},"end":{"line":658,"column":86}},"246":{"start":{"line":660,"column":2},"end":{"line":662,"column":3}},"247":{"start":{"line":661,"column":4},"end":{"line":661,"column":82}},"248":{"start":{"line":663,"column":2},"end":{"line":663,"column":45}},"249":{"start":{"line":669,"column":0},"end":{"line":673,"column":2}},"250":{"start":{"line":670,"column":2},"end":{"line":672,"column":3}},"251":{"start":{"line":671,"column":4},"end":{"line":671,"column":69}},"252":{"start":{"line":678,"column":0},"end":{"line":682,"column":2}},"253":{"start":{"line":679,"column":2},"end":{"line":681,"column":3}},"254":{"start":{"line":680,"column":4},"end":{"line":680,"column":69}},"255":{"start":{"line":684,"column":24},"end":{"line":713,"column":3}},"256":{"start":{"line":685,"column":12},"end":{"line":685,"column":14}},"257":{"start":{"line":688,"column":4},"end":{"line":690,"column":5}},"258":{"start":{"line":689,"column":6},"end":{"line":689,"column":47}},"259":{"start":{"line":691,"column":23},"end":{"line":691,"column":45}},"260":{"start":{"line":692,"column":4},"end":{"line":697,"column":5}},"261":{"start":{"line":693,"column":6},"end":{"line":693,"column":33}},"262":{"start":{"line":696,"column":6},"end":{"line":696,"column":33}},"263":{"start":{"line":700,"column":2},"end":{"line":700,"column":24}},"264":{"start":{"line":701,"column":2},"end":{"line":701,"column":24}},"265":{"start":{"line":702,"column":2},"end":{"line":702,"column":28}},"266":{"start":{"line":703,"column":2},"end":{"line":703,"column":28}},"267":{"start":{"line":704,"column":2},"end":{"line":704,"column":28}},"268":{"start":{"line":705,"column":2},"end":{"line":705,"column":23}},"269":{"start":{"line":706,"column":2},"end":{"line":706,"column":25}},"270":{"start":{"line":707,"column":2},"end":{"line":707,"column":23}},"271":{"start":{"line":708,"column":2},"end":{"line":708,"column":23}},"272":{"start":{"line":710,"column":2},"end":{"line":712,"column":4}},"273":{"start":{"line":711,"column":4},"end":{"line":711,"column":25}},"274":{"start":{"line":716,"column":12},"end":{"line":716,"column":22}},"275":{"start":{"line":717,"column":2},"end":{"line":721,"column":3}},"276":{"start":{"line":717,"column":15},"end":{"line":717,"column":16}},"277":{"start":{"line":718,"column":4},"end":{"line":720,"column":5}},"278":{"start":{"line":719,"column":6},"end":{"line":719,"column":18}},"279":{"start":{"line":722,"column":2},"end":{"line":722,"column":15}},"280":{"start":{"line":726,"column":2},"end":{"line":728,"column":3}},"281":{"start":{"line":727,"column":4},"end":{"line":727,"column":17}},"282":{"start":{"line":729,"column":12},"end":{"line":729,"column":25}},"283":{"start":{"line":730,"column":2},"end":{"line":732,"column":3}},"284":{"start":{"line":731,"column":4},"end":{"line":731,"column":15}},"285":{"start":{"line":733,"column":12},"end":{"line":733,"column":14}},"286":{"start":{"line":734,"column":12},"end":{"line":734,"column":22}},"287":{"start":{"line":735,"column":2},"end":{"line":744,"column":3}},"288":{"start":{"line":735,"column":15},"end":{"line":735,"column":16}},"289":{"start":{"line":736,"column":18},"end":{"line":736,"column":53}},"290":{"start":{"line":737,"column":4},"end":{"line":743,"column":5}},"291":{"start":{"line":738,"column":6},"end":{"line":738,"column":17}},"292":{"start":{"line":739,"column":6},"end":{"line":739,"column":21}},"293":{"start":{"line":742,"column":6},"end":{"line":742,"column":27}},"294":{"start":{"line":745,"column":2},"end":{"line":745,"column":13}},"295":{"start":{"line":748,"column":15},"end":{"line":748,"column":26}},"296":{"start":{"line":755,"column":2},"end":{"line":755,"column":81}},"297":{"start":{"line":758,"column":0},"end":{"line":758,"column":22}}},"fnMap":{"0":{"name":"inherit","decl":{"start":{"line":3,"column":9},"end":{"line":3,"column":16}},"loc":{"start":{"line":3,"column":32},"end":{"line":12,"column":1}},"line":3},"1":{"name":"Tree","decl":{"start":{"line":15,"column":9},"end":{"line":15,"column":13}},"loc":{"start":{"line":15,"column":39},"end":{"line":36,"column":1}},"line":15},"2":{"name":"(anonymous_2)","decl":{"start":{"line":22,"column":17},"end":{"line":22,"column":18}},"loc":{"start":{"line":22,"column":32},"end":{"line":24,"column":3}},"line":22},"3":{"name":"(anonymous_3)","decl":{"start":{"line":38,"column":32},"end":{"line":38,"column":33}},"loc":{"start":{"line":38,"column":44},"end":{"line":40,"column":1}},"line":38},"4":{"name":"(anonymous_4)","decl":{"start":{"line":42,"column":29},"end":{"line":42,"column":30}},"loc":{"start":{"line":42,"column":40},"end":{"line":44,"column":1}},"line":42},"5":{"name":"(anonymous_5)","decl":{"start":{"line":46,"column":32},"end":{"line":46,"column":33}},"loc":{"start":{"line":46,"column":66},"end":{"line":56,"column":1}},"line":46},"6":{"name":"(anonymous_6)","decl":{"start":{"line":58,"column":35},"end":{"line":58,"column":36}},"loc":{"start":{"line":58,"column":61},"end":{"line":62,"column":1}},"line":58},"7":{"name":"(anonymous_7)","decl":{"start":{"line":64,"column":32},"end":{"line":64,"column":33}},"loc":{"start":{"line":64,"column":44},"end":{"line":67,"column":1}},"line":64},"8":{"name":"(anonymous_8)","decl":{"start":{"line":69,"column":33},"end":{"line":69,"column":34}},"loc":{"start":{"line":69,"column":45},"end":{"line":71,"column":1}},"line":69},"9":{"name":"(anonymous_9)","decl":{"start":{"line":73,"column":29},"end":{"line":73,"column":30}},"loc":{"start":{"line":73,"column":64},"end":{"line":80,"column":1}},"line":73},"10":{"name":"Node","decl":{"start":{"line":94,"column":9},"end":{"line":94,"column":13}},"loc":{"start":{"line":94,"column":58},"end":{"line":130,"column":1}},"line":94},"11":{"name":"NodeState","decl":{"start":{"line":137,"column":9},"end":{"line":137,"column":18}},"loc":{"start":{"line":137,"column":25},"end":{"line":139,"column":1}},"line":137},"12":{"name":"(anonymous_12)","decl":{"start":{"line":140,"column":31},"end":{"line":140,"column":32}},"loc":{"start":{"line":140,"column":42},"end":{"line":142,"column":1}},"line":140},"13":{"name":"(anonymous_13)","decl":{"start":{"line":153,"column":26},"end":{"line":153,"column":27}},"loc":{"start":{"line":153,"column":38},"end":{"line":157,"column":1}},"line":153},"14":{"name":"(anonymous_14)","decl":{"start":{"line":163,"column":36},"end":{"line":163,"column":37}},"loc":{"start":{"line":163,"column":48},"end":{"line":168,"column":1}},"line":163},"15":{"name":"(anonymous_15)","decl":{"start":{"line":175,"column":32},"end":{"line":175,"column":33}},"loc":{"start":{"line":175,"column":51},"end":{"line":195,"column":1}},"line":175},"16":{"name":"(anonymous_16)","decl":{"start":{"line":204,"column":23},"end":{"line":204,"column":24}},"loc":{"start":{"line":204,"column":35},"end":{"line":215,"column":1}},"line":204},"17":{"name":"(anonymous_17)","decl":{"start":{"line":221,"column":33},"end":{"line":221,"column":34}},"loc":{"start":{"line":221,"column":45},"end":{"line":230,"column":1}},"line":221},"18":{"name":"(anonymous_18)","decl":{"start":{"line":237,"column":37},"end":{"line":237,"column":38}},"loc":{"start":{"line":237,"column":49},"end":{"line":239,"column":1}},"line":237},"19":{"name":"(anonymous_19)","decl":{"start":{"line":246,"column":24},"end":{"line":246,"column":25}},"loc":{"start":{"line":246,"column":54},"end":{"line":262,"column":1}},"line":246},"20":{"name":"(anonymous_20)","decl":{"start":{"line":267,"column":28},"end":{"line":267,"column":29}},"loc":{"start":{"line":267,"column":40},"end":{"line":269,"column":1}},"line":267},"21":{"name":"(anonymous_21)","decl":{"start":{"line":275,"column":34},"end":{"line":275,"column":35}},"loc":{"start":{"line":275,"column":46},"end":{"line":284,"column":1}},"line":275},"22":{"name":"(anonymous_22)","decl":{"start":{"line":291,"column":49},"end":{"line":291,"column":50}},"loc":{"start":{"line":291,"column":61},"end":{"line":293,"column":1}},"line":291},"23":{"name":"(anonymous_23)","decl":{"start":{"line":295,"column":33},"end":{"line":295,"column":34}},"loc":{"start":{"line":295,"column":45},"end":{"line":302,"column":1}},"line":295},"24":{"name":"TestSuiteNode","decl":{"start":{"line":316,"column":9},"end":{"line":316,"column":22}},"loc":{"start":{"line":316,"column":67},"end":{"line":333,"column":1}},"line":316},"25":{"name":"(anonymous_25)","decl":{"start":{"line":342,"column":46},"end":{"line":342,"column":47}},"loc":{"start":{"line":342,"column":66},"end":{"line":352,"column":1}},"line":342},"26":{"name":"(anonymous_26)","decl":{"start":{"line":346,"column":28},"end":{"line":346,"column":29}},"loc":{"start":{"line":346,"column":45},"end":{"line":348,"column":5}},"line":346},"27":{"name":"(anonymous_27)","decl":{"start":{"line":359,"column":47},"end":{"line":359,"column":48}},"loc":{"start":{"line":359,"column":67},"end":{"line":365,"column":1}},"line":359},"28":{"name":"getChildrenByName","decl":{"start":{"line":370,"column":9},"end":{"line":370,"column":26}},"loc":{"start":{"line":370,"column":50},"end":{"line":375,"column":1}},"line":370},"29":{"name":"addChildNode","decl":{"start":{"line":380,"column":9},"end":{"line":380,"column":21}},"loc":{"start":{"line":380,"column":45},"end":{"line":393,"column":1}},"line":380},"30":{"name":"(anonymous_30)","decl":{"start":{"line":399,"column":46},"end":{"line":399,"column":47}},"loc":{"start":{"line":399,"column":58},"end":{"line":401,"column":1}},"line":399},"31":{"name":"(anonymous_31)","decl":{"start":{"line":407,"column":47},"end":{"line":407,"column":48}},"loc":{"start":{"line":407,"column":59},"end":{"line":409,"column":1}},"line":407},"32":{"name":"(anonymous_32)","decl":{"start":{"line":415,"column":58},"end":{"line":415,"column":59}},"loc":{"start":{"line":415,"column":70},"end":{"line":417,"column":1}},"line":415},"33":{"name":"(anonymous_33)","decl":{"start":{"line":426,"column":39},"end":{"line":426,"column":40}},"loc":{"start":{"line":426,"column":84},"end":{"line":438,"column":1}},"line":426},"34":{"name":"(anonymous_34)","decl":{"start":{"line":447,"column":44},"end":{"line":447,"column":45}},"loc":{"start":{"line":447,"column":89},"end":{"line":459,"column":1}},"line":447},"35":{"name":"(anonymous_35)","decl":{"start":{"line":464,"column":42},"end":{"line":464,"column":43}},"loc":{"start":{"line":464,"column":53},"end":{"line":471,"column":1}},"line":464},"36":{"name":"TestNode","decl":{"start":{"line":484,"column":9},"end":{"line":484,"column":17}},"loc":{"start":{"line":484,"column":62},"end":{"line":536,"column":1}},"line":484},"37":{"name":"TestOutcome","decl":{"start":{"line":545,"column":9},"end":{"line":545,"column":20}},"loc":{"start":{"line":545,"column":27},"end":{"line":547,"column":1}},"line":545},"38":{"name":"(anonymous_38)","decl":{"start":{"line":548,"column":33},"end":{"line":548,"column":34}},"loc":{"start":{"line":548,"column":45},"end":{"line":550,"column":1}},"line":548},"39":{"name":"(anonymous_39)","decl":{"start":{"line":570,"column":32},"end":{"line":570,"column":33}},"loc":{"start":{"line":572,"column":76},"end":{"line":592,"column":1}},"line":572},"40":{"name":"(anonymous_40)","decl":{"start":{"line":594,"column":53},"end":{"line":594,"column":54}},"loc":{"start":{"line":594,"column":93},"end":{"line":596,"column":1}},"line":594},"41":{"name":"(anonymous_41)","decl":{"start":{"line":598,"column":33},"end":{"line":598,"column":34}},"loc":{"start":{"line":598,"column":53},"end":{"line":600,"column":1}},"line":598},"42":{"name":"(anonymous_42)","decl":{"start":{"line":606,"column":41},"end":{"line":606,"column":42}},"loc":{"start":{"line":606,"column":53},"end":{"line":608,"column":1}},"line":606},"43":{"name":"(anonymous_43)","decl":{"start":{"line":614,"column":42},"end":{"line":614,"column":43}},"loc":{"start":{"line":614,"column":54},"end":{"line":627,"column":1}},"line":614},"44":{"name":"(anonymous_44)","decl":{"start":{"line":634,"column":53},"end":{"line":634,"column":54}},"loc":{"start":{"line":634,"column":65},"end":{"line":664,"column":1}},"line":634},"45":{"name":"(anonymous_45)","decl":{"start":{"line":669,"column":31},"end":{"line":669,"column":32}},"loc":{"start":{"line":669,"column":46},"end":{"line":673,"column":1}},"line":669},"46":{"name":"(anonymous_46)","decl":{"start":{"line":678,"column":31},"end":{"line":678,"column":32}},"loc":{"start":{"line":678,"column":46},"end":{"line":682,"column":1}},"line":678},"47":{"name":"(anonymous_47)","decl":{"start":{"line":684,"column":24},"end":{"line":684,"column":25}},"loc":{"start":{"line":684,"column":36},"end":{"line":713,"column":1}},"line":684},"48":{"name":"addMapping","decl":{"start":{"line":687,"column":11},"end":{"line":687,"column":21}},"loc":{"start":{"line":687,"column":40},"end":{"line":698,"column":3}},"line":687},"49":{"name":"(anonymous_49)","decl":{"start":{"line":710,"column":9},"end":{"line":710,"column":10}},"loc":{"start":{"line":710,"column":29},"end":{"line":712,"column":3}},"line":710},"50":{"name":"isAttributeValueEscapingNeeded","decl":{"start":{"line":715,"column":9},"end":{"line":715,"column":39}},"loc":{"start":{"line":715,"column":45},"end":{"line":723,"column":1}},"line":715},"51":{"name":"escapeAttributeValue","decl":{"start":{"line":725,"column":9},"end":{"line":725,"column":29}},"loc":{"start":{"line":725,"column":37},"end":{"line":746,"column":1}},"line":725},"52":{"name":"isString","decl":{"start":{"line":754,"column":9},"end":{"line":754,"column":17}},"loc":{"start":{"line":754,"column":25},"end":{"line":756,"column":1}},"line":754}},"branchMap":{"0":{"loc":{"start":{"line":39,"column":33},"end":{"line":39,"column":49}},"type":"binary-expr","locations":[{"start":{"line":39,"column":33},"end":{"line":39,"column":44}},{"start":{"line":39,"column":48},"end":{"line":39,"column":49}}],"line":39},"1":{"loc":{"start":{"line":48,"column":2},"end":{"line":50,"column":3}},"type":"if","locations":[{"start":{"line":48,"column":2},"end":{"line":50,"column":3}},{"start":{"line":48,"column":2},"end":{"line":50,"column":3}}],"line":48},"2":{"loc":{"start":{"line":51,"column":2},"end":{"line":53,"column":3}},"type":"if","locations":[{"start":{"line":51,"column":2},"end":{"line":53,"column":3}},{"start":{"line":51,"column":2},"end":{"line":53,"column":3}}],"line":51},"3":{"loc":{"start":{"line":59,"column":2},"end":{"line":61,"column":3}},"type":"if","locations":[{"start":{"line":59,"column":2},"end":{"line":61,"column":3}},{"start":{"line":59,"column":2},"end":{"line":61,"column":3}}],"line":59},"4":{"loc":{"start":{"line":59,"column":6},"end":{"line":59,"column":62}},"type":"binary-expr","locations":[{"start":{"line":59,"column":6},"end":{"line":59,"column":40}},{"start":{"line":59,"column":44},"end":{"line":59,"column":62}}],"line":59},"5":{"loc":{"start":{"line":164,"column":2},"end":{"line":166,"column":3}},"type":"if","locations":[{"start":{"line":164,"column":2},"end":{"line":166,"column":3}},{"start":{"line":164,"column":2},"end":{"line":166,"column":3}}],"line":164},"6":{"loc":{"start":{"line":180,"column":17},"end":{"line":180,"column":49}},"type":"cond-expr","locations":[{"start":{"line":180,"column":31},"end":{"line":180,"column":45}},{"start":{"line":180,"column":48},"end":{"line":180,"column":49}}],"line":180},"7":{"loc":{"start":{"line":184,"column":2},"end":{"line":189,"column":3}},"type":"if","locations":[{"start":{"line":184,"column":2},"end":{"line":189,"column":3}},{"start":{"line":184,"column":2},"end":{"line":189,"column":3}}],"line":184},"8":{"loc":{"start":{"line":186,"column":4},"end":{"line":188,"column":5}},"type":"if","locations":[{"start":{"line":186,"column":4},"end":{"line":188,"column":5}},{"start":{"line":186,"column":4},"end":{"line":188,"column":5}}],"line":186},"9":{"loc":{"start":{"line":190,"column":2},"end":{"line":192,"column":3}},"type":"if","locations":[{"start":{"line":190,"column":2},"end":{"line":192,"column":3}},{"start":{"line":190,"column":2},"end":{"line":192,"column":3}}],"line":190},"10":{"loc":{"start":{"line":205,"column":2},"end":{"line":207,"column":3}},"type":"if","locations":[{"start":{"line":205,"column":2},"end":{"line":207,"column":3}},{"start":{"line":205,"column":2},"end":{"line":207,"column":3}}],"line":205},"11":{"loc":{"start":{"line":208,"column":2},"end":{"line":211,"column":3}},"type":"if","locations":[{"start":{"line":208,"column":2},"end":{"line":211,"column":3}},{"start":{"line":208,"column":2},"end":{"line":211,"column":3}}],"line":208},"12":{"loc":{"start":{"line":222,"column":2},"end":{"line":224,"column":3}},"type":"if","locations":[{"start":{"line":222,"column":2},"end":{"line":224,"column":3}},{"start":{"line":222,"column":2},"end":{"line":224,"column":3}}],"line":222},"13":{"loc":{"start":{"line":225,"column":2},"end":{"line":228,"column":3}},"type":"if","locations":[{"start":{"line":225,"column":2},"end":{"line":228,"column":3}},{"start":{"line":225,"column":2},"end":{"line":228,"column":3}}],"line":225},"14":{"loc":{"start":{"line":247,"column":2},"end":{"line":249,"column":3}},"type":"if","locations":[{"start":{"line":247,"column":2},"end":{"line":249,"column":3}},{"start":{"line":247,"column":2},"end":{"line":249,"column":3}}],"line":247},"15":{"loc":{"start":{"line":250,"column":2},"end":{"line":252,"column":3}},"type":"if","locations":[{"start":{"line":250,"column":2},"end":{"line":252,"column":3}},{"start":{"line":250,"column":2},"end":{"line":252,"column":3}}],"line":250},"16":{"loc":{"start":{"line":250,"column":6},"end":{"line":250,"column":77}},"type":"binary-expr","locations":[{"start":{"line":250,"column":6},"end":{"line":250,"column":41}},{"start":{"line":250,"column":45},"end":{"line":250,"column":77}}],"line":250},"17":{"loc":{"start":{"line":256,"column":2},"end":{"line":261,"column":3}},"type":"if","locations":[{"start":{"line":256,"column":2},"end":{"line":261,"column":3}},{"start":{"line":256,"column":2},"end":{"line":261,"column":3}}],"line":256},"18":{"loc":{"start":{"line":258,"column":4},"end":{"line":260,"column":5}},"type":"if","locations":[{"start":{"line":258,"column":4},"end":{"line":260,"column":5}},{"start":{"line":258,"column":4},"end":{"line":260,"column":5}}],"line":258},"19":{"loc":{"start":{"line":258,"column":8},"end":{"line":258,"column":50}},"type":"binary-expr","locations":[{"start":{"line":258,"column":8},"end":{"line":258,"column":22}},{"start":{"line":258,"column":26},"end":{"line":258,"column":50}}],"line":258},"20":{"loc":{"start":{"line":279,"column":2},"end":{"line":281,"column":3}},"type":"if","locations":[{"start":{"line":279,"column":2},"end":{"line":281,"column":3}},{"start":{"line":279,"column":2},"end":{"line":281,"column":3}}],"line":279},"21":{"loc":{"start":{"line":296,"column":2},"end":{"line":301,"column":3}},"type":"if","locations":[{"start":{"line":296,"column":2},"end":{"line":301,"column":3}},{"start":{"line":296,"column":2},"end":{"line":301,"column":3}}],"line":296},"22":{"loc":{"start":{"line":344,"column":2},"end":{"line":350,"column":3}},"type":"if","locations":[{"start":{"line":344,"column":2},"end":{"line":350,"column":3}},{"start":{"line":344,"column":2},"end":{"line":350,"column":3}}],"line":344},"23":{"loc":{"start":{"line":349,"column":11},"end":{"line":349,"column":36}},"type":"cond-expr","locations":[{"start":{"line":349,"column":19},"end":{"line":349,"column":24}},{"start":{"line":349,"column":27},"end":{"line":349,"column":36}}],"line":349},"24":{"loc":{"start":{"line":361,"column":2},"end":{"line":363,"column":3}},"type":"if","locations":[{"start":{"line":361,"column":2},"end":{"line":363,"column":3}},{"start":{"line":361,"column":2},"end":{"line":363,"column":3}}],"line":361},"25":{"loc":{"start":{"line":364,"column":9},"end":{"line":364,"column":39}},"type":"cond-expr","locations":[{"start":{"line":364,"column":26},"end":{"line":364,"column":34}},{"start":{"line":364,"column":37},"end":{"line":364,"column":39}}],"line":364},"26":{"loc":{"start":{"line":371,"column":2},"end":{"line":373,"column":3}},"type":"if","locations":[{"start":{"line":371,"column":2},"end":{"line":373,"column":3}},{"start":{"line":371,"column":2},"end":{"line":373,"column":3}}],"line":371},"27":{"loc":{"start":{"line":383,"column":2},"end":{"line":392,"column":3}},"type":"if","locations":[{"start":{"line":383,"column":2},"end":{"line":392,"column":3}},{"start":{"line":383,"column":2},"end":{"line":392,"column":3}}],"line":383},"28":{"loc":{"start":{"line":384,"column":4},"end":{"line":387,"column":5}},"type":"if","locations":[{"start":{"line":384,"column":4},"end":{"line":387,"column":5}},{"start":{"line":384,"column":4},"end":{"line":387,"column":5}}],"line":384},"29":{"loc":{"start":{"line":427,"column":2},"end":{"line":429,"column":3}},"type":"if","locations":[{"start":{"line":427,"column":2},"end":{"line":429,"column":3}},{"start":{"line":427,"column":2},"end":{"line":429,"column":3}}],"line":427},"30":{"loc":{"start":{"line":431,"column":2},"end":{"line":433,"column":3}},"type":"if","locations":[{"start":{"line":431,"column":2},"end":{"line":433,"column":3}},{"start":{"line":431,"column":2},"end":{"line":433,"column":3}}],"line":431},"31":{"loc":{"start":{"line":448,"column":2},"end":{"line":450,"column":3}},"type":"if","locations":[{"start":{"line":448,"column":2},"end":{"line":450,"column":3}},{"start":{"line":448,"column":2},"end":{"line":450,"column":3}}],"line":448},"32":{"loc":{"start":{"line":452,"column":2},"end":{"line":454,"column":3}},"type":"if","locations":[{"start":{"line":452,"column":2},"end":{"line":454,"column":3}},{"start":{"line":452,"column":2},"end":{"line":454,"column":3}}],"line":452},"33":{"loc":{"start":{"line":466,"column":2},"end":{"line":470,"column":3}},"type":"if","locations":[{"start":{"line":466,"column":2},"end":{"line":470,"column":3}},{"start":{"line":466,"column":2},"end":{"line":470,"column":3}}],"line":466},"34":{"loc":{"start":{"line":467,"column":4},"end":{"line":469,"column":5}},"type":"if","locations":[{"start":{"line":467,"column":4},"end":{"line":469,"column":5}},{"start":{"line":467,"column":4},"end":{"line":469,"column":5}}],"line":467},"35":{"loc":{"start":{"line":573,"column":2},"end":{"line":575,"column":3}},"type":"if","locations":[{"start":{"line":573,"column":2},"end":{"line":575,"column":3}},{"start":{"line":573,"column":2},"end":{"line":575,"column":3}}],"line":573},"36":{"loc":{"start":{"line":580,"column":21},"end":{"line":580,"column":63}},"type":"cond-expr","locations":[{"start":{"line":580,"column":45},"end":{"line":580,"column":56}},{"start":{"line":580,"column":59},"end":{"line":580,"column":63}}],"line":580},"37":{"loc":{"start":{"line":581,"column":19},"end":{"line":581,"column":57}},"type":"cond-expr","locations":[{"start":{"line":581,"column":41},"end":{"line":581,"column":50}},{"start":{"line":581,"column":53},"end":{"line":581,"column":57}}],"line":581},"38":{"loc":{"start":{"line":582,"column":26},"end":{"line":582,"column":78}},"type":"cond-expr","locations":[{"start":{"line":582,"column":55},"end":{"line":582,"column":71}},{"start":{"line":582,"column":74},"end":{"line":582,"column":78}}],"line":582},"39":{"loc":{"start":{"line":583,"column":24},"end":{"line":583,"column":72}},"type":"cond-expr","locations":[{"start":{"line":583,"column":51},"end":{"line":583,"column":65}},{"start":{"line":583,"column":68},"end":{"line":583,"column":72}}],"line":583},"40":{"loc":{"start":{"line":584,"column":2},"end":{"line":591,"column":3}},"type":"if","locations":[{"start":{"line":584,"column":2},"end":{"line":591,"column":3}},{"start":{"line":584,"column":2},"end":{"line":591,"column":3}}],"line":584},"41":{"loc":{"start":{"line":585,"column":4},"end":{"line":590,"column":5}},"type":"if","locations":[{"start":{"line":585,"column":4},"end":{"line":590,"column":5}},{"start":{"line":585,"column":4},"end":{"line":590,"column":5}}],"line":585},"42":{"loc":{"start":{"line":588,"column":9},"end":{"line":590,"column":5}},"type":"if","locations":[{"start":{"line":588,"column":9},"end":{"line":590,"column":5}},{"start":{"line":588,"column":9},"end":{"line":590,"column":5}}],"line":588},"43":{"loc":{"start":{"line":588,"column":13},"end":{"line":588,"column":76}},"type":"binary-expr","locations":[{"start":{"line":588,"column":13},"end":{"line":588,"column":43}},{"start":{"line":588,"column":47},"end":{"line":588,"column":76}}],"line":588},"44":{"loc":{"start":{"line":615,"column":2},"end":{"line":626,"column":3}},"type":"switch","locations":[{"start":{"line":616,"column":4},"end":{"line":617,"column":28}},{"start":{"line":618,"column":4},"end":{"line":619,"column":27}},{"start":{"line":620,"column":4},"end":{"line":621,"column":26}},{"start":{"line":622,"column":4},"end":{"line":623,"column":26}},{"start":{"line":624,"column":4},"end":{"line":625,"column":57}}],"line":615},"45":{"loc":{"start":{"line":636,"column":2},"end":{"line":638,"column":3}},"type":"if","locations":[{"start":{"line":636,"column":2},"end":{"line":638,"column":3}},{"start":{"line":636,"column":2},"end":{"line":638,"column":3}}],"line":636},"46":{"loc":{"start":{"line":639,"column":2},"end":{"line":641,"column":3}},"type":"if","locations":[{"start":{"line":639,"column":2},"end":{"line":641,"column":3}},{"start":{"line":639,"column":2},"end":{"line":641,"column":3}}],"line":639},"47":{"loc":{"start":{"line":642,"column":2},"end":{"line":644,"column":3}},"type":"if","locations":[{"start":{"line":642,"column":2},"end":{"line":644,"column":3}},{"start":{"line":642,"column":2},"end":{"line":644,"column":3}}],"line":642},"48":{"loc":{"start":{"line":645,"column":2},"end":{"line":647,"column":3}},"type":"if","locations":[{"start":{"line":645,"column":2},"end":{"line":647,"column":3}},{"start":{"line":645,"column":2},"end":{"line":647,"column":3}}],"line":645},"49":{"loc":{"start":{"line":648,"column":2},"end":{"line":650,"column":3}},"type":"if","locations":[{"start":{"line":648,"column":2},"end":{"line":650,"column":3}},{"start":{"line":648,"column":2},"end":{"line":650,"column":3}}],"line":648},"50":{"loc":{"start":{"line":651,"column":2},"end":{"line":653,"column":3}},"type":"if","locations":[{"start":{"line":651,"column":2},"end":{"line":653,"column":3}},{"start":{"line":651,"column":2},"end":{"line":653,"column":3}}],"line":651},"51":{"loc":{"start":{"line":654,"column":2},"end":{"line":656,"column":3}},"type":"if","locations":[{"start":{"line":654,"column":2},"end":{"line":656,"column":3}},{"start":{"line":654,"column":2},"end":{"line":656,"column":3}}],"line":654},"52":{"loc":{"start":{"line":657,"column":2},"end":{"line":659,"column":3}},"type":"if","locations":[{"start":{"line":657,"column":2},"end":{"line":659,"column":3}},{"start":{"line":657,"column":2},"end":{"line":659,"column":3}}],"line":657},"53":{"loc":{"start":{"line":660,"column":2},"end":{"line":662,"column":3}},"type":"if","locations":[{"start":{"line":660,"column":2},"end":{"line":662,"column":3}},{"start":{"line":660,"column":2},"end":{"line":662,"column":3}}],"line":660},"54":{"loc":{"start":{"line":663,"column":9},"end":{"line":663,"column":44}},"type":"cond-expr","locations":[{"start":{"line":663,"column":31},"end":{"line":663,"column":35}},{"start":{"line":663,"column":38},"end":{"line":663,"column":44}}],"line":663},"55":{"loc":{"start":{"line":670,"column":2},"end":{"line":672,"column":3}},"type":"if","locations":[{"start":{"line":670,"column":2},"end":{"line":672,"column":3}},{"start":{"line":670,"column":2},"end":{"line":672,"column":3}}],"line":670},"56":{"loc":{"start":{"line":679,"column":2},"end":{"line":681,"column":3}},"type":"if","locations":[{"start":{"line":679,"column":2},"end":{"line":681,"column":3}},{"start":{"line":679,"column":2},"end":{"line":681,"column":3}}],"line":679},"57":{"loc":{"start":{"line":688,"column":4},"end":{"line":690,"column":5}},"type":"if","locations":[{"start":{"line":688,"column":4},"end":{"line":690,"column":5}},{"start":{"line":688,"column":4},"end":{"line":690,"column":5}}],"line":688},"58":{"loc":{"start":{"line":688,"column":8},"end":{"line":688,"column":52}},"type":"binary-expr","locations":[{"start":{"line":688,"column":8},"end":{"line":688,"column":29}},{"start":{"line":688,"column":33},"end":{"line":688,"column":52}}],"line":688},"59":{"loc":{"start":{"line":692,"column":4},"end":{"line":697,"column":5}},"type":"if","locations":[{"start":{"line":692,"column":4},"end":{"line":697,"column":5}},{"start":{"line":692,"column":4},"end":{"line":697,"column":5}}],"line":692},"60":{"loc":{"start":{"line":718,"column":4},"end":{"line":720,"column":5}},"type":"if","locations":[{"start":{"line":718,"column":4},"end":{"line":720,"column":5}},{"start":{"line":718,"column":4},"end":{"line":720,"column":5}}],"line":718},"61":{"loc":{"start":{"line":726,"column":2},"end":{"line":728,"column":3}},"type":"if","locations":[{"start":{"line":726,"column":2},"end":{"line":728,"column":3}},{"start":{"line":726,"column":2},"end":{"line":728,"column":3}}],"line":726},"62":{"loc":{"start":{"line":730,"column":2},"end":{"line":732,"column":3}},"type":"if","locations":[{"start":{"line":730,"column":2},"end":{"line":732,"column":3}},{"start":{"line":730,"column":2},"end":{"line":732,"column":3}}],"line":730},"63":{"loc":{"start":{"line":737,"column":4},"end":{"line":743,"column":5}},"type":"if","locations":[{"start":{"line":737,"column":4},"end":{"line":743,"column":5}},{"start":{"line":737,"column":4},"end":{"line":743,"column":5}}],"line":737},"64":{"loc":{"start":{"line":755,"column":9},"end":{"line":755,"column":80}},"type":"binary-expr","locations":[{"start":{"line":755,"column":9},"end":{"line":755,"column":34}},{"start":{"line":755,"column":38},"end":{"line":755,"column":80}}],"line":755}},"s":{"0":1,"1":2,"2":1,"3":1,"4":1,"5":4,"6":1,"7":1,"8":1,"9":1,"10":1,"11":1,"12":1,"13":0,"14":0,"15":0,"16":0,"17":0,"18":0,"19":0,"20":1,"21":1,"22":1,"23":1,"24":0,"25":0,"26":1,"27":0,"28":1,"29":0,"30":0,"31":0,"32":0,"33":0,"34":2,"35":2,"36":2,"37":2,"38":2,"39":2,"40":2,"41":4,"42":1,"43":0,"44":1,"45":1,"46":1,"47":1,"48":1,"49":0,"50":0,"51":0,"52":1,"53":0,"54":0,"55":0,"56":1,"57":1,"58":1,"59":1,"60":1,"61":1,"62":1,"63":1,"64":1,"65":1,"66":1,"67":1,"68":1,"69":1,"70":0,"71":1,"72":1,"73":1,"74":1,"75":0,"76":1,"77":0,"78":1,"79":1,"80":1,"81":1,"82":1,"83":1,"84":0,"85":0,"86":0,"87":0,"88":1,"89":0,"90":1,"91":2,"92":1,"93":1,"94":0,"95":1,"96":1,"97":1,"98":1,"99":0,"100":0,"101":0,"102":1,"103":0,"104":1,"105":1,"106":1,"107":1,"108":1,"109":1,"110":1,"111":1,"112":1,"113":0,"114":1,"115":0,"116":0,"117":0,"118":0,"119":0,"120":1,"121":1,"122":1,"123":1,"124":1,"125":1,"126":0,"127":0,"128":0,"129":0,"130":0,"131":0,"132":1,"133":0,"134":0,"135":0,"136":0,"137":1,"138":0,"139":1,"140":1,"141":1,"142":1,"143":0,"144":0,"145":0,"146":0,"147":1,"148":1,"149":0,"150":1,"151":0,"152":1,"153":0,"154":1,"155":1,"156":0,"157":1,"158":1,"159":1,"160":1,"161":1,"162":1,"163":1,"164":1,"165":0,"166":0,"167":0,"168":0,"169":0,"170":0,"171":0,"172":0,"173":0,"174":1,"175":0,"176":0,"177":0,"178":0,"179":1,"180":1,"181":1,"182":1,"183":1,"184":1,"185":1,"186":1,"187":1,"188":1,"189":1,"190":1,"191":4,"192":1,"193":0,"194":1,"195":1,"196":1,"197":1,"198":1,"199":1,"200":1,"201":0,"202":1,"203":1,"204":1,"205":1,"206":1,"207":1,"208":1,"209":1,"210":1,"211":0,"212":0,"213":0,"214":0,"215":1,"216":1,"217":1,"218":0,"219":1,"220":1,"221":1,"222":1,"223":0,"224":0,"225":1,"226":0,"227":0,"228":1,"229":1,"230":1,"231":1,"232":1,"233":0,"234":1,"235":1,"236":1,"237":1,"238":1,"239":1,"240":1,"241":1,"242":1,"243":1,"244":1,"245":0,"246":1,"247":0,"248":1,"249":1,"250":0,"251":0,"252":1,"253":0,"254":0,"255":1,"256":1,"257":9,"258":0,"259":9,"260":9,"261":9,"262":0,"263":1,"264":1,"265":1,"266":1,"267":1,"268":1,"269":1,"270":1,"271":1,"272":1,"273":1181,"274":9,"275":9,"276":9,"277":232,"278":5,"279":4,"280":9,"281":0,"282":9,"283":9,"284":4,"285":5,"286":5,"287":5,"288":5,"289":949,"290":949,"291":49,"292":49,"293":900,"294":5,"295":1,"296":11,"297":1},"f":{"0":2,"1":1,"2":4,"3":1,"4":1,"5":0,"6":1,"7":0,"8":0,"9":0,"10":2,"11":4,"12":0,"13":0,"14":0,"15":1,"16":1,"17":1,"18":0,"19":2,"20":0,"21":1,"22":0,"23":0,"24":1,"25":0,"26":0,"27":0,"28":1,"29":1,"30":0,"31":0,"32":0,"33":1,"34":0,"35":0,"36":1,"37":4,"38":0,"39":1,"40":1,"41":0,"42":1,"43":1,"44":1,"45":0,"46":0,"47":1,"48":9,"49":1181,"50":9,"51":9,"52":11},"b":{"0":[1,0],"1":[0,0],"2":[0,0],"3":[1,0],"4":[1,1],"5":[0,0],"6":[1,0],"7":[1,0],"8":[1,0],"9":[0,1],"10":[0,1],"11":[0,1],"12":[1,0],"13":[0,0],"14":[1,1],"15":[0,1],"16":[1,1],"17":[0,1],"18":[0,0],"19":[0,0],"20":[1,0],"21":[0,0],"22":[0,0],"23":[0,0],"24":[0,0],"25":[0,0],"26":[0,1],"27":[0,1],"28":[0,0],"29":[0,1],"30":[1,0],"31":[0,0],"32":[0,0],"33":[0,0],"34":[0,0],"35":[0,1],"36":[1,0],"37":[1,0],"38":[0,1],"39":[0,1],"40":[0,1],"41":[0,0],"42":[0,0],"43":[0,0],"44":[0,0,1,0,0],"45":[1,0],"46":[0,1],"47":[1,0],"48":[1,0],"49":[1,0],"50":[1,0],"51":[1,0],"52":[0,1],"53":[0,1],"54":[0,1],"55":[0,0],"56":[0,0],"57":[0,9],"58":[9,9],"59":[9,0],"60":[5,227],"61":[0,9],"62":[4,5],"63":[49,900],"64":[11,5]},"_coverageSchema":"43e27e138ebf9cfc5966b082cf9a028302ed4184","hash":"c02b942c8e3d9299223bcff6bec522439d9d8324"}
,"C:\\Users\\artyw\\AppData\\Local\\Programs\\WebStorm\\plugins\\javascript-impl\\helpers\\base-test-reporter\\intellij-util.js": {"path":"C:\\Users\\artyw\\AppData\\Local\\Programs\\WebStorm\\plugins\\javascript-impl\\helpers\\base-test-reporter\\intellij-util.js","statementMap":{"0":{"start":{"line":1,"column":15},"end":{"line":1,"column":26}},"1":{"start":{"line":8,"column":2},"end":{"line":8,"column":81}},"2":{"start":{"line":19,"column":2},"end":{"line":21,"column":3}},"3":{"start":{"line":20,"column":4},"end":{"line":20,"column":14}},"4":{"start":{"line":22,"column":2},"end":{"line":24,"column":3}},"5":{"start":{"line":23,"column":4},"end":{"line":23,"column":97}},"6":{"start":{"line":25,"column":21},"end":{"line":25,"column":26}},"7":{"start":{"line":26,"column":19},"end":{"line":26,"column":23}},"8":{"start":{"line":27,"column":23},"end":{"line":27,"column":47}},"9":{"start":{"line":28,"column":26},"end":{"line":28,"column":53}},"10":{"start":{"line":29,"column":15},"end":{"line":29,"column":17}},"11":{"start":{"line":34,"column":2},"end":{"line":49,"column":3}},"12":{"start":{"line":34,"column":20},"end":{"line":34,"column":33}},"13":{"start":{"line":35,"column":4},"end":{"line":37,"column":5}},"14":{"start":{"line":36,"column":6},"end":{"line":36,"column":30}},"15":{"start":{"line":38,"column":4},"end":{"line":38,"column":24}},"16":{"start":{"line":39,"column":4},"end":{"line":39,"column":24}},"17":{"start":{"line":40,"column":4},"end":{"line":40,"column":29}},"18":{"start":{"line":41,"column":4},"end":{"line":48,"column":5}},"19":{"start":{"line":41,"column":17},"end":{"line":41,"column":18}},"20":{"start":{"line":42,"column":6},"end":{"line":42,"column":26}},"21":{"start":{"line":43,"column":6},"end":{"line":43,"column":34}},"22":{"start":{"line":44,"column":6},"end":{"line":46,"column":7}},"23":{"start":{"line":45,"column":8},"end":{"line":45,"column":29}},"24":{"start":{"line":47,"column":6},"end":{"line":47,"column":19}},"25":{"start":{"line":50,"column":2},"end":{"line":50,"column":16}},"26":{"start":{"line":53,"column":0},"end":{"line":53,"column":28}},"27":{"start":{"line":54,"column":0},"end":{"line":54,"column":28}}},"fnMap":{"0":{"name":"isString","decl":{"start":{"line":7,"column":9},"end":{"line":7,"column":17}},"loc":{"start":{"line":7,"column":25},"end":{"line":9,"column":1}},"line":7},"1":{"name":"joinList","decl":{"start":{"line":18,"column":9},"end":{"line":18,"column":17}},"loc":{"start":{"line":18,"column":67},"end":{"line":51,"column":1}},"line":18}},"branchMap":{"0":{"loc":{"start":{"line":8,"column":9},"end":{"line":8,"column":80}},"type":"binary-expr","locations":[{"start":{"line":8,"column":9},"end":{"line":8,"column":34}},{"start":{"line":8,"column":38},"end":{"line":8,"column":80}}],"line":8},"1":{"loc":{"start":{"line":19,"column":2},"end":{"line":21,"column":3}},"type":"if","locations":[{"start":{"line":19,"column":2},"end":{"line":21,"column":3}},{"start":{"line":19,"column":2},"end":{"line":21,"column":3}}],"line":19},"2":{"loc":{"start":{"line":22,"column":2},"end":{"line":24,"column":3}},"type":"if","locations":[{"start":{"line":22,"column":2},"end":{"line":24,"column":3}},{"start":{"line":22,"column":2},"end":{"line":24,"column":3}}],"line":22},"3":{"loc":{"start":{"line":35,"column":4},"end":{"line":37,"column":5}},"type":"if","locations":[{"start":{"line":35,"column":4},"end":{"line":37,"column":5}},{"start":{"line":35,"column":4},"end":{"line":37,"column":5}}],"line":35},"4":{"loc":{"start":{"line":44,"column":6},"end":{"line":46,"column":7}},"type":"if","locations":[{"start":{"line":44,"column":6},"end":{"line":46,"column":7}},{"start":{"line":44,"column":6},"end":{"line":46,"column":7}}],"line":44},"5":{"loc":{"start":{"line":44,"column":10},"end":{"line":44,"column":67}},"type":"binary-expr","locations":[{"start":{"line":44,"column":10},"end":{"line":44,"column":38}},{"start":{"line":44,"column":42},"end":{"line":44,"column":67}}],"line":44}},"s":{"0":1,"1":9,"2":1,"3":0,"4":1,"5":0,"6":1,"7":1,"8":1,"9":1,"10":1,"11":1,"12":1,"13":2,"14":1,"15":2,"16":2,"17":2,"18":2,"19":2,"20":116,"21":116,"22":116,"23":7,"24":116,"25":1,"26":1,"27":1},"f":{"0":9,"1":1},"b":{"0":[9,2],"1":[0,1],"2":[0,1],"3":[1,1],"4":[7,109],"5":[116,113]},"_coverageSchema":"43e27e138ebf9cfc5966b082cf9a028302ed4184","hash":"3a05aa4a5e9a2a00897829ffdb82f1d26652c1fd"}
,"C:\\Users\\artyw\\AppData\\Local\\Programs\\WebStorm\\plugins\\javascript-impl\\helpers\\jest-intellij\\lib\\jest-intellij-util.js": {"path":"C:\\Users\\artyw\\AppData\\Local\\Programs\\WebStorm\\plugins\\javascript-impl\\helpers\\jest-intellij\\lib\\jest-intellij-util.js","statementMap":{"0":{"start":{"line":1,"column":13},"end":{"line":1,"column":62}},"1":{"start":{"line":2,"column":13},"end":{"line":2,"column":62}},"2":{"start":{"line":3,"column":20},"end":{"line":3,"column":76}},"3":{"start":{"line":4,"column":13},"end":{"line":4,"column":28}},"4":{"start":{"line":5,"column":27},"end":{"line":5,"column":68}},"5":{"start":{"line":6,"column":27},"end":{"line":6,"column":68}},"6":{"start":{"line":9,"column":2},"end":{"line":9,"column":88}},"7":{"start":{"line":13,"column":23},"end":{"line":13,"column":58}},"8":{"start":{"line":14,"column":22},"end":{"line":14,"column":56}},"9":{"start":{"line":15,"column":2},"end":{"line":20,"column":3}},"10":{"start":{"line":16,"column":4},"end":{"line":16,"column":84}},"11":{"start":{"line":19,"column":4},"end":{"line":19,"column":51}},"12":{"start":{"line":21,"column":2},"end":{"line":23,"column":5}},"13":{"start":{"line":22,"column":4},"end":{"line":22,"column":32}},"14":{"start":{"line":24,"column":2},"end":{"line":24,"column":29}},"15":{"start":{"line":61,"column":26},"end":{"line":61,"column":38}},"16":{"start":{"line":62,"column":2},"end":{"line":70,"column":5}},"17":{"start":{"line":63,"column":25},"end":{"line":63,"column":74}},"18":{"start":{"line":64,"column":4},"end":{"line":68,"column":5}},"19":{"start":{"line":65,"column":32},"end":{"line":65,"column":106}},"20":{"start":{"line":66,"column":6},"end":{"line":66,"column":99}},"21":{"start":{"line":67,"column":6},"end":{"line":67,"column":29}},"22":{"start":{"line":69,"column":4},"end":{"line":69,"column":39}},"23":{"start":{"line":71,"column":2},"end":{"line":71,"column":27}},"24":{"start":{"line":82,"column":19},"end":{"line":82,"column":37}},"25":{"start":{"line":83,"column":27},"end":{"line":83,"column":92}},"26":{"start":{"line":84,"column":19},"end":{"line":84,"column":78}},"27":{"start":{"line":85,"column":2},"end":{"line":85,"column":19}},"28":{"start":{"line":86,"column":2},"end":{"line":86,"column":18}},"29":{"start":{"line":94,"column":20},"end":{"line":94,"column":62}},"30":{"start":{"line":95,"column":2},"end":{"line":97,"column":5}},"31":{"start":{"line":96,"column":4},"end":{"line":96,"column":34}},"32":{"start":{"line":107,"column":2},"end":{"line":109,"column":3}},"33":{"start":{"line":108,"column":4},"end":{"line":108,"column":11}},"34":{"start":{"line":110,"column":28},"end":{"line":110,"column":85}},"35":{"start":{"line":111,"column":2},"end":{"line":114,"column":3}},"36":{"start":{"line":113,"column":4},"end":{"line":113,"column":11}},"37":{"start":{"line":117,"column":34},"end":{"line":117,"column":98}},"38":{"start":{"line":119,"column":19},"end":{"line":121,"column":87}},"39":{"start":{"line":123,"column":2},"end":{"line":123,"column":39}},"40":{"start":{"line":127,"column":2},"end":{"line":127,"column":68}},"41":{"start":{"line":132,"column":25},"end":{"line":132,"column":67}},"42":{"start":{"line":133,"column":2},"end":{"line":142,"column":3}},"43":{"start":{"line":134,"column":41},"end":{"line":134,"column":118}},"44":{"start":{"line":135,"column":4},"end":{"line":135,"column":58}},"45":{"start":{"line":136,"column":4},"end":{"line":136,"column":54}},"46":{"start":{"line":137,"column":26},"end":{"line":137,"column":54}},"47":{"start":{"line":138,"column":4},"end":{"line":141,"column":5}},"48":{"start":{"line":139,"column":6},"end":{"line":139,"column":73}},"49":{"start":{"line":140,"column":6},"end":{"line":140,"column":69}},"50":{"start":{"line":143,"column":2},"end":{"line":155,"column":3}},"51":{"start":{"line":144,"column":4},"end":{"line":154,"column":5}},"52":{"start":{"line":145,"column":6},"end":{"line":145,"column":49}},"53":{"start":{"line":148,"column":37},"end":{"line":148,"column":80}},"54":{"start":{"line":149,"column":6},"end":{"line":153,"column":7}},"55":{"start":{"line":150,"column":35},"end":{"line":150,"column":86}},"56":{"start":{"line":151,"column":8},"end":{"line":151,"column":52}},"57":{"start":{"line":152,"column":8},"end":{"line":152,"column":48}},"58":{"start":{"line":156,"column":18},"end":{"line":156,"column":47}},"59":{"start":{"line":157,"column":2},"end":{"line":159,"column":3}},"60":{"start":{"line":158,"column":4},"end":{"line":158,"column":49}},"61":{"start":{"line":160,"column":2},"end":{"line":160,"column":132}},"62":{"start":{"line":161,"column":2},"end":{"line":163,"column":3}},"63":{"start":{"line":162,"column":4},"end":{"line":162,"column":95}},"64":{"start":{"line":164,"column":2},"end":{"line":164,"column":25}},"65":{"start":{"line":168,"column":2},"end":{"line":179,"column":3}},"66":{"start":{"line":169,"column":4},"end":{"line":178,"column":5}},"67":{"start":{"line":170,"column":6},"end":{"line":170,"column":46}},"68":{"start":{"line":173,"column":25},"end":{"line":173,"column":44}},"69":{"start":{"line":174,"column":6},"end":{"line":177,"column":7}},"70":{"start":{"line":175,"column":8},"end":{"line":175,"column":51}},"71":{"start":{"line":176,"column":8},"end":{"line":176,"column":29}},"72":{"start":{"line":180,"column":2},"end":{"line":180,"column":44}},"73":{"start":{"line":184,"column":16},"end":{"line":184,"column":52}},"74":{"start":{"line":185,"column":22},"end":{"line":185,"column":74}},"75":{"start":{"line":185,"column":46},"end":{"line":185,"column":73}},"76":{"start":{"line":186,"column":2},"end":{"line":188,"column":3}},"77":{"start":{"line":187,"column":4},"end":{"line":187,"column":46}},"78":{"start":{"line":189,"column":2},"end":{"line":192,"column":3}},"79":{"start":{"line":203,"column":14},"end":{"line":203,"column":24}},"80":{"start":{"line":203,"column":30},"end":{"line":203,"column":40}},"81":{"start":{"line":204,"column":2},"end":{"line":207,"column":3}},"82":{"start":{"line":205,"column":4},"end":{"line":205,"column":23}},"83":{"start":{"line":206,"column":4},"end":{"line":206,"column":17}},"84":{"start":{"line":208,"column":2},"end":{"line":208,"column":33}},"85":{"start":{"line":209,"column":2},"end":{"line":209,"column":18}},"86":{"start":{"line":210,"column":2},"end":{"line":210,"column":52}},"87":{"start":{"line":218,"column":2},"end":{"line":220,"column":3}},"88":{"start":{"line":219,"column":4},"end":{"line":219,"column":36}},"89":{"start":{"line":221,"column":2},"end":{"line":223,"column":3}},"90":{"start":{"line":222,"column":4},"end":{"line":222,"column":36}},"91":{"start":{"line":224,"column":2},"end":{"line":226,"column":3}},"92":{"start":{"line":225,"column":4},"end":{"line":225,"column":36}},"93":{"start":{"line":227,"column":2},"end":{"line":227,"column":33}},"94":{"start":{"line":231,"column":14},"end":{"line":231,"column":57}},"95":{"start":{"line":232,"column":2},"end":{"line":242,"column":3}},"96":{"start":{"line":233,"column":4},"end":{"line":233,"column":28}},"97":{"start":{"line":236,"column":4},"end":{"line":241,"column":5}},"98":{"start":{"line":237,"column":6},"end":{"line":237,"column":30}},"99":{"start":{"line":246,"column":2},"end":{"line":252,"column":4}},"100":{"start":{"line":247,"column":4},"end":{"line":251,"column":5}},"101":{"start":{"line":248,"column":6},"end":{"line":248,"column":39}},"102":{"start":{"line":250,"column":6},"end":{"line":250,"column":41}},"103":{"start":{"line":256,"column":20},"end":{"line":256,"column":68}},"104":{"start":{"line":257,"column":2},"end":{"line":257,"column":95}},"105":{"start":{"line":258,"column":2},"end":{"line":258,"column":20}},"106":{"start":{"line":259,"column":2},"end":{"line":259,"column":26}},"107":{"start":{"line":263,"column":2},"end":{"line":265,"column":3}},"108":{"start":{"line":263,"column":41},"end":{"line":263,"column":62}},"109":{"start":{"line":264,"column":4},"end":{"line":264,"column":76}},"110":{"start":{"line":269,"column":2},"end":{"line":269,"column":38}},"111":{"start":{"line":274,"column":2},"end":{"line":276,"column":3}},"112":{"start":{"line":275,"column":4},"end":{"line":275,"column":78}},"113":{"start":{"line":277,"column":2},"end":{"line":277,"column":28}},"114":{"start":{"line":281,"column":23},"end":{"line":281,"column":40}},"115":{"start":{"line":282,"column":2},"end":{"line":282,"column":98}},"116":{"start":{"line":285,"column":0},"end":{"line":285,"column":42}},"117":{"start":{"line":286,"column":0},"end":{"line":286,"column":54}},"118":{"start":{"line":287,"column":0},"end":{"line":287,"column":44}},"119":{"start":{"line":288,"column":0},"end":{"line":288,"column":20}},"120":{"start":{"line":289,"column":0},"end":{"line":289,"column":24}},"121":{"start":{"line":290,"column":0},"end":{"line":290,"column":42}},"122":{"start":{"line":291,"column":0},"end":{"line":291,"column":64}},"123":{"start":{"line":292,"column":0},"end":{"line":292,"column":40}},"124":{"start":{"line":293,"column":0},"end":{"line":293,"column":46}},"125":{"start":{"line":294,"column":0},"end":{"line":294,"column":56}},"126":{"start":{"line":296,"column":0},"end":{"line":302,"column":2}},"127":{"start":{"line":297,"column":18},"end":{"line":297,"column":20}},"128":{"start":{"line":298,"column":2},"end":{"line":300,"column":3}},"129":{"start":{"line":299,"column":4},"end":{"line":299,"column":106}},"130":{"start":{"line":301,"column":2},"end":{"line":301,"column":17}},"131":{"start":{"line":303,"column":0},"end":{"line":307,"column":2}},"132":{"start":{"line":304,"column":2},"end":{"line":306,"column":3}},"133":{"start":{"line":305,"column":4},"end":{"line":305,"column":66}},"134":{"start":{"line":308,"column":0},"end":{"line":308,"column":77}},"135":{"start":{"line":310,"column":0},"end":{"line":312,"column":1}},"136":{"start":{"line":311,"column":2},"end":{"line":311,"column":73}},"137":{"start":{"line":315,"column":2},"end":{"line":315,"column":31}},"138":{"start":{"line":319,"column":2},"end":{"line":324,"column":3}},"139":{"start":{"line":320,"column":18},"end":{"line":320,"column":46}},"140":{"start":{"line":321,"column":4},"end":{"line":323,"column":59}},"141":{"start":{"line":325,"column":2},"end":{"line":325,"column":15}},"142":{"start":{"line":328,"column":0},"end":{"line":328,"column":74}},"143":{"start":{"line":329,"column":0},"end":{"line":329,"column":74}}},"fnMap":{"0":{"name":"addTestFileNode","decl":{"start":{"line":8,"column":9},"end":{"line":8,"column":24}},"loc":{"start":{"line":8,"column":45},"end":{"line":10,"column":1}},"line":8},"1":{"name":"reportTestFileResults","decl":{"start":{"line":12,"column":9},"end":{"line":12,"column":30}},"loc":{"start":{"line":12,"column":91},"end":{"line":25,"column":1}},"line":12},"2":{"name":"(anonymous_2)","decl":{"start":{"line":21,"column":32},"end":{"line":21,"column":33}},"loc":{"start":{"line":21,"column":53},"end":{"line":23,"column":3}},"line":21},"3":{"name":"resolveSpecParent","decl":{"start":{"line":60,"column":9},"end":{"line":60,"column":26}},"loc":{"start":{"line":60,"column":69},"end":{"line":72,"column":1}},"line":60},"4":{"name":"(anonymous_4)","decl":{"start":{"line":62,"column":38},"end":{"line":62,"column":39}},"loc":{"start":{"line":62,"column":60},"end":{"line":70,"column":3}},"line":62},"5":{"name":"createSpecNodeAndStart","decl":{"start":{"line":81,"column":9},"end":{"line":81,"column":31}},"loc":{"start":{"line":81,"column":86},"end":{"line":87,"column":1}},"line":81},"6":{"name":"findFirstUnfinishedSpecNode","decl":{"start":{"line":93,"column":9},"end":{"line":93,"column":36}},"loc":{"start":{"line":93,"column":60},"end":{"line":98,"column":1}},"line":93},"7":{"name":"(anonymous_7)","decl":{"start":{"line":95,"column":24},"end":{"line":95,"column":25}},"loc":{"start":{"line":95,"column":44},"end":{"line":97,"column":3}},"line":95},"8":{"name":"reportSpecResult","decl":{"start":{"line":106,"column":9},"end":{"line":106,"column":25}},"loc":{"start":{"line":106,"column":84},"end":{"line":124,"column":1}},"line":106},"9":{"name":"getFirstElement","decl":{"start":{"line":126,"column":9},"end":{"line":126,"column":24}},"loc":{"start":{"line":126,"column":32},"end":{"line":128,"column":1}},"line":126},"10":{"name":"finishSpecNode","decl":{"start":{"line":130,"column":9},"end":{"line":130,"column":23}},"loc":{"start":{"line":130,"column":46},"end":{"line":165,"column":1}},"line":130},"11":{"name":"normalizeFailureMessageAndStack","decl":{"start":{"line":167,"column":9},"end":{"line":167,"column":40}},"loc":{"start":{"line":167,"column":57},"end":{"line":181,"column":1}},"line":167},"12":{"name":"splitFailureMessageAndStack","decl":{"start":{"line":183,"column":9},"end":{"line":183,"column":36}},"loc":{"start":{"line":183,"column":61},"end":{"line":193,"column":1}},"line":183},"13":{"name":"(anonymous_13)","decl":{"start":{"line":185,"column":38},"end":{"line":185,"column":39}},"loc":{"start":{"line":185,"column":46},"end":{"line":185,"column":73}},"line":185},"14":{"name":"getLocationPath","decl":{"start":{"line":202,"column":9},"end":{"line":202,"column":24}},"loc":{"start":{"line":202,"column":75},"end":{"line":211,"column":1}},"line":202},"15":{"name":"getOutcome","decl":{"start":{"line":217,"column":9},"end":{"line":217,"column":19}},"loc":{"start":{"line":217,"column":28},"end":{"line":228,"column":1}},"line":217},"16":{"name":"warn","decl":{"start":{"line":230,"column":9},"end":{"line":230,"column":13}},"loc":{"start":{"line":230,"column":23},"end":{"line":243,"column":1}},"line":230},"17":{"name":"safeFn","decl":{"start":{"line":245,"column":9},"end":{"line":245,"column":15}},"loc":{"start":{"line":245,"column":20},"end":{"line":253,"column":1}},"line":245},"18":{"name":"(anonymous_18)","decl":{"start":{"line":246,"column":9},"end":{"line":246,"column":10}},"loc":{"start":{"line":246,"column":21},"end":{"line":252,"column":3}},"line":246},"19":{"name":"addErrorTestChild","decl":{"start":{"line":255,"column":9},"end":{"line":255,"column":26}},"loc":{"start":{"line":255,"column":62},"end":{"line":260,"column":1}},"line":255},"20":{"name":"addEmptyTestResultIfNeeded","decl":{"start":{"line":262,"column":9},"end":{"line":262,"column":35}},"loc":{"start":{"line":262,"column":46},"end":{"line":266,"column":1}},"line":262},"21":{"name":"(anonymous_21)","decl":{"start":{"line":263,"column":30},"end":{"line":263,"column":31}},"loc":{"start":{"line":263,"column":41},"end":{"line":263,"column":62}},"line":263},"22":{"name":"isCreatedState","decl":{"start":{"line":268,"column":9},"end":{"line":268,"column":23}},"loc":{"start":{"line":268,"column":30},"end":{"line":270,"column":1}},"line":268},"23":{"name":"getRunScopeType","decl":{"start":{"line":273,"column":9},"end":{"line":273,"column":24}},"loc":{"start":{"line":273,"column":27},"end":{"line":278,"column":1}},"line":273},"24":{"name":"isSuitesOrTestsScope","decl":{"start":{"line":280,"column":9},"end":{"line":280,"column":29}},"loc":{"start":{"line":280,"column":32},"end":{"line":283,"column":1}},"line":280},"25":{"name":"(anonymous_25)","decl":{"start":{"line":296,"column":24},"end":{"line":296,"column":25}},"loc":{"start":{"line":296,"column":72},"end":{"line":302,"column":1}},"line":296},"26":{"name":"(anonymous_26)","decl":{"start":{"line":303,"column":50},"end":{"line":303,"column":51}},"loc":{"start":{"line":303,"column":62},"end":{"line":307,"column":1}},"line":303},"27":{"name":"(anonymous_27)","decl":{"start":{"line":310,"column":28},"end":{"line":310,"column":29}},"loc":{"start":{"line":310,"column":34},"end":{"line":312,"column":1}},"line":310},"28":{"name":"splitByLines","decl":{"start":{"line":314,"column":9},"end":{"line":314,"column":21}},"loc":{"start":{"line":314,"column":28},"end":{"line":316,"column":1}},"line":314},"29":{"name":"containsExpectedAndActualValues","decl":{"start":{"line":318,"column":9},"end":{"line":318,"column":40}},"loc":{"start":{"line":318,"column":57},"end":{"line":326,"column":1}},"line":318}},"branchMap":{"0":{"loc":{"start":{"line":15,"column":2},"end":{"line":20,"column":3}},"type":"if","locations":[{"start":{"line":15,"column":2},"end":{"line":20,"column":3}},{"start":{"line":15,"column":2},"end":{"line":20,"column":3}}],"line":15},"1":{"loc":{"start":{"line":15,"column":6},"end":{"line":15,"column":122}},"type":"binary-expr","locations":[{"start":{"line":15,"column":6},"end":{"line":15,"column":63}},{"start":{"line":15,"column":67},"end":{"line":15,"column":122}}],"line":15},"2":{"loc":{"start":{"line":15,"column":69},"end":{"line":15,"column":121}},"type":"binary-expr","locations":[{"start":{"line":15,"column":69},"end":{"line":15,"column":95}},{"start":{"line":15,"column":99},"end":{"line":15,"column":121}}],"line":15},"3":{"loc":{"start":{"line":64,"column":4},"end":{"line":68,"column":5}},"type":"if","locations":[{"start":{"line":64,"column":4},"end":{"line":68,"column":5}},{"start":{"line":64,"column":4},"end":{"line":68,"column":5}}],"line":64},"4":{"loc":{"start":{"line":64,"column":10},"end":{"line":64,"column":82}},"type":"binary-expr","locations":[{"start":{"line":64,"column":10},"end":{"line":64,"column":24}},{"start":{"line":64,"column":28},"end":{"line":64,"column":82}}],"line":64},"5":{"loc":{"start":{"line":107,"column":2},"end":{"line":109,"column":3}},"type":"if","locations":[{"start":{"line":107,"column":2},"end":{"line":109,"column":3}},{"start":{"line":107,"column":2},"end":{"line":109,"column":3}}],"line":107},"6":{"loc":{"start":{"line":107,"column":6},"end":{"line":107,"column":63}},"type":"binary-expr","locations":[{"start":{"line":107,"column":6},"end":{"line":107,"column":37}},{"start":{"line":107,"column":41},"end":{"line":107,"column":63}}],"line":107},"7":{"loc":{"start":{"line":111,"column":2},"end":{"line":114,"column":3}},"type":"if","locations":[{"start":{"line":111,"column":2},"end":{"line":114,"column":3}},{"start":{"line":111,"column":2},"end":{"line":114,"column":3}}],"line":111},"8":{"loc":{"start":{"line":111,"column":6},"end":{"line":111,"column":89}},"type":"binary-expr","locations":[{"start":{"line":111,"column":6},"end":{"line":111,"column":22}},{"start":{"line":111,"column":26},"end":{"line":111,"column":89}}],"line":111},"9":{"loc":{"start":{"line":119,"column":19},"end":{"line":121,"column":87}},"type":"cond-expr","locations":[{"start":{"line":120,"column":6},"end":{"line":120,"column":29}},{"start":{"line":121,"column":6},"end":{"line":121,"column":87}}],"line":119},"10":{"loc":{"start":{"line":127,"column":9},"end":{"line":127,"column":67}},"type":"cond-expr","locations":[{"start":{"line":127,"column":52},"end":{"line":127,"column":60}},{"start":{"line":127,"column":63},"end":{"line":127,"column":67}}],"line":127},"11":{"loc":{"start":{"line":127,"column":9},"end":{"line":127,"column":49}},"type":"binary-expr","locations":[{"start":{"line":127,"column":9},"end":{"line":127,"column":29}},{"start":{"line":127,"column":33},"end":{"line":127,"column":49}}],"line":127},"12":{"loc":{"start":{"line":133,"column":2},"end":{"line":142,"column":3}},"type":"if","locations":[{"start":{"line":133,"column":2},"end":{"line":142,"column":3}},{"start":{"line":133,"column":2},"end":{"line":142,"column":3}}],"line":133},"13":{"loc":{"start":{"line":138,"column":4},"end":{"line":141,"column":5}},"type":"if","locations":[{"start":{"line":138,"column":4},"end":{"line":141,"column":5}},{"start":{"line":138,"column":4},"end":{"line":141,"column":5}}],"line":138},"14":{"loc":{"start":{"line":138,"column":8},"end":{"line":138,"column":72}},"type":"binary-expr","locations":[{"start":{"line":138,"column":8},"end":{"line":138,"column":21}},{"start":{"line":138,"column":25},"end":{"line":138,"column":72}}],"line":138},"15":{"loc":{"start":{"line":143,"column":2},"end":{"line":155,"column":3}},"type":"if","locations":[{"start":{"line":143,"column":2},"end":{"line":155,"column":3}},{"start":{"line":143,"column":2},"end":{"line":155,"column":3}}],"line":143},"16":{"loc":{"start":{"line":144,"column":4},"end":{"line":154,"column":5}},"type":"if","locations":[{"start":{"line":144,"column":4},"end":{"line":154,"column":5}},{"start":{"line":144,"column":4},"end":{"line":154,"column":5}}],"line":144},"17":{"loc":{"start":{"line":149,"column":6},"end":{"line":153,"column":7}},"type":"if","locations":[{"start":{"line":149,"column":6},"end":{"line":153,"column":7}},{"start":{"line":149,"column":6},"end":{"line":153,"column":7}}],"line":149},"18":{"loc":{"start":{"line":149,"column":10},"end":{"line":149,"column":81}},"type":"binary-expr","locations":[{"start":{"line":149,"column":10},"end":{"line":149,"column":40}},{"start":{"line":149,"column":44},"end":{"line":149,"column":81}}],"line":149},"19":{"loc":{"start":{"line":157,"column":2},"end":{"line":159,"column":3}},"type":"if","locations":[{"start":{"line":157,"column":2},"end":{"line":159,"column":3}},{"start":{"line":157,"column":2},"end":{"line":159,"column":3}}],"line":157},"20":{"loc":{"start":{"line":157,"column":6},"end":{"line":157,"column":75}},"type":"binary-expr","locations":[{"start":{"line":157,"column":6},"end":{"line":157,"column":41}},{"start":{"line":157,"column":45},"end":{"line":157,"column":75}}],"line":157},"21":{"loc":{"start":{"line":161,"column":2},"end":{"line":163,"column":3}},"type":"if","locations":[{"start":{"line":161,"column":2},"end":{"line":163,"column":3}},{"start":{"line":161,"column":2},"end":{"line":163,"column":3}}],"line":161},"22":{"loc":{"start":{"line":168,"column":2},"end":{"line":179,"column":3}},"type":"if","locations":[{"start":{"line":168,"column":2},"end":{"line":179,"column":3}},{"start":{"line":168,"column":2},"end":{"line":179,"column":3}}],"line":168},"23":{"loc":{"start":{"line":168,"column":6},"end":{"line":168,"column":74}},"type":"binary-expr","locations":[{"start":{"line":168,"column":6},"end":{"line":168,"column":28}},{"start":{"line":168,"column":32},"end":{"line":168,"column":52}},{"start":{"line":168,"column":56},"end":{"line":168,"column":74}}],"line":168},"24":{"loc":{"start":{"line":169,"column":4},"end":{"line":178,"column":5}},"type":"if","locations":[{"start":{"line":169,"column":4},"end":{"line":178,"column":5}},{"start":{"line":169,"column":4},"end":{"line":178,"column":5}}],"line":169},"25":{"loc":{"start":{"line":174,"column":6},"end":{"line":177,"column":7}},"type":"if","locations":[{"start":{"line":174,"column":6},"end":{"line":177,"column":7}},{"start":{"line":174,"column":6},"end":{"line":177,"column":7}}],"line":174},"26":{"loc":{"start":{"line":186,"column":2},"end":{"line":188,"column":3}},"type":"if","locations":[{"start":{"line":186,"column":2},"end":{"line":188,"column":3}},{"start":{"line":186,"column":2},"end":{"line":188,"column":3}}],"line":186},"27":{"loc":{"start":{"line":208,"column":13},"end":{"line":208,"column":31}},"type":"binary-expr","locations":[{"start":{"line":208,"column":13},"end":{"line":208,"column":25}},{"start":{"line":208,"column":29},"end":{"line":208,"column":31}}],"line":208},"28":{"loc":{"start":{"line":218,"column":2},"end":{"line":220,"column":3}},"type":"if","locations":[{"start":{"line":218,"column":2},"end":{"line":220,"column":3}},{"start":{"line":218,"column":2},"end":{"line":220,"column":3}}],"line":218},"29":{"loc":{"start":{"line":221,"column":2},"end":{"line":223,"column":3}},"type":"if","locations":[{"start":{"line":221,"column":2},"end":{"line":223,"column":3}},{"start":{"line":221,"column":2},"end":{"line":223,"column":3}}],"line":221},"30":{"loc":{"start":{"line":221,"column":6},"end":{"line":221,"column":51}},"type":"binary-expr","locations":[{"start":{"line":221,"column":6},"end":{"line":221,"column":26}},{"start":{"line":221,"column":30},"end":{"line":221,"column":51}}],"line":221},"31":{"loc":{"start":{"line":224,"column":2},"end":{"line":226,"column":3}},"type":"if","locations":[{"start":{"line":224,"column":2},"end":{"line":226,"column":3}},{"start":{"line":224,"column":2},"end":{"line":226,"column":3}}],"line":224},"32":{"loc":{"start":{"line":263,"column":2},"end":{"line":265,"column":3}},"type":"if","locations":[{"start":{"line":263,"column":2},"end":{"line":265,"column":3}},{"start":{"line":263,"column":2},"end":{"line":265,"column":3}}],"line":263},"33":{"loc":{"start":{"line":274,"column":2},"end":{"line":276,"column":3}},"type":"if","locations":[{"start":{"line":274,"column":2},"end":{"line":276,"column":3}},{"start":{"line":274,"column":2},"end":{"line":276,"column":3}}],"line":274},"34":{"loc":{"start":{"line":282,"column":9},"end":{"line":282,"column":97}},"type":"binary-expr","locations":[{"start":{"line":282,"column":9},"end":{"line":282,"column":33}},{"start":{"line":282,"column":37},"end":{"line":282,"column":60}},{"start":{"line":282,"column":64},"end":{"line":282,"column":97}}],"line":282},"35":{"loc":{"start":{"line":298,"column":2},"end":{"line":300,"column":3}},"type":"if","locations":[{"start":{"line":298,"column":2},"end":{"line":300,"column":3}},{"start":{"line":298,"column":2},"end":{"line":300,"column":3}}],"line":298},"36":{"loc":{"start":{"line":304,"column":2},"end":{"line":306,"column":3}},"type":"if","locations":[{"start":{"line":304,"column":2},"end":{"line":306,"column":3}},{"start":{"line":304,"column":2},"end":{"line":306,"column":3}}],"line":304},"37":{"loc":{"start":{"line":319,"column":2},"end":{"line":324,"column":3}},"type":"if","locations":[{"start":{"line":319,"column":2},"end":{"line":324,"column":3}},{"start":{"line":319,"column":2},"end":{"line":324,"column":3}}],"line":319},"38":{"loc":{"start":{"line":321,"column":11},"end":{"line":323,"column":58}},"type":"binary-expr","locations":[{"start":{"line":321,"column":11},"end":{"line":321,"column":28}},{"start":{"line":322,"column":11},"end":{"line":322,"column":58}},{"start":{"line":323,"column":11},"end":{"line":323,"column":58}}],"line":321}},"s":{"0":1,"1":1,"2":1,"3":1,"4":1,"5":1,"6":0,"7":0,"8":0,"9":0,"10":0,"11":0,"12":0,"13":0,"14":0,"15":0,"16":0,"17":0,"18":0,"19":0,"20":0,"21":0,"22":0,"23":0,"24":0,"25":0,"26":0,"27":0,"28":0,"29":0,"30":0,"31":0,"32":0,"33":0,"34":0,"35":0,"36":0,"37":0,"38":0,"39":0,"40":0,"41":0,"42":0,"43":0,"44":0,"45":0,"46":0,"47":0,"48":0,"49":0,"50":0,"51":0,"52":0,"53":0,"54":0,"55":0,"56":0,"57":0,"58":0,"59":0,"60":0,"61":0,"62":0,"63":0,"64":0,"65":1,"66":1,"67":1,"68":0,"69":0,"70":0,"71":0,"72":1,"73":0,"74":0,"75":0,"76":0,"77":0,"78":0,"79":1,"80":1,"81":1,"82":0,"83":0,"84":1,"85":1,"86":1,"87":0,"88":0,"89":0,"90":0,"91":0,"92":0,"93":0,"94":0,"95":0,"96":0,"97":0,"98":0,"99":0,"100":0,"101":0,"102":0,"103":0,"104":0,"105":0,"106":0,"107":1,"108":1,"109":0,"110":2,"111":0,"112":0,"113":0,"114":0,"115":0,"116":1,"117":1,"118":1,"119":1,"120":1,"121":1,"122":1,"123":1,"124":1,"125":1,"126":1,"127":0,"128":0,"129":0,"130":0,"131":1,"132":1,"133":0,"134":1,"135":1,"136":0,"137":1,"138":1,"139":1,"140":1,"141":0,"142":1,"143":1},"f":{"0":0,"1":0,"2":0,"3":0,"4":0,"5":0,"6":0,"7":0,"8":0,"9":0,"10":0,"11":1,"12":0,"13":0,"14":1,"15":0,"16":0,"17":0,"18":0,"19":0,"20":1,"21":1,"22":2,"23":0,"24":0,"25":0,"26":1,"27":0,"28":1,"29":1},"b":{"0":[0,0],"1":[0,0],"2":[0,0],"3":[0,0],"4":[0,0],"5":[0,0],"6":[0,0],"7":[0,0],"8":[0,0],"9":[0,0],"10":[0,0],"11":[0,0],"12":[0,0],"13":[0,0],"14":[0,0],"15":[0,0],"16":[0,0],"17":[0,0],"18":[0,0],"19":[0,0],"20":[0,0],"21":[0,0],"22":[1,0],"23":[1,1,1],"24":[1,0],"25":[0,0],"26":[0,0],"27":[1,0],"28":[0,0],"29":[0,0],"30":[0,0],"31":[0,0],"32":[0,1],"33":[0,0],"34":[0,0,0],"35":[0,0],"36":[0,1],"37":[1,0],"38":[1,1,1]},"_coverageSchema":"43e27e138ebf9cfc5966b082cf9a028302ed4184","hash":"9c874ba966e821930440d2d5cf0a29fa49b2d722"}
,"D:\\web\\js_array-method-sort\\src\\arrayMethodSort.js": {"path":"D:\\web\\js_array-method-sort\\src\\arrayMethodSort.js","statementMap":{"0":{"start":{"line":7,"column":2},"end":{"line":49,"column":4}},"1":{"start":{"line":8,"column":20},"end":{"line":8,"column":22}},"2":{"start":{"line":9,"column":27},"end":{"line":9,"column":34}},"3":{"start":{"line":11,"column":4},"end":{"line":48,"column":5}},"4":{"start":{"line":12,"column":6},"end":{"line":14,"column":7}},"5":{"start":{"line":13,"column":8},"end":{"line":13,"column":31}},"6":{"start":{"line":16,"column":30},"end":{"line":16,"column":44}},"7":{"start":{"line":18,"column":6},"end":{"line":31,"column":7}},"8":{"start":{"line":18,"column":19},"end":{"line":18,"column":20}},"9":{"start":{"line":20,"column":8},"end":{"line":30,"column":9}},"10":{"start":{"line":20,"column":21},"end":{"line":20,"column":22}},"11":{"start":{"line":21,"column":10},"end":{"line":24,"column":11}},"12":{"start":{"line":22,"column":12},"end":{"line":22,"column":46}},"13":{"start":{"line":23,"column":12},"end":{"line":23,"column":18}},"14":{"start":{"line":26,"column":10},"end":{"line":29,"column":11}},"15":{"start":{"line":27,"column":12},"end":{"line":27,"column":46}},"16":{"start":{"line":28,"column":12},"end":{"line":28,"column":43}},"17":{"start":{"line":33,"column":26},"end":{"line":33,"column":35}},"18":{"start":{"line":34,"column":33},"end":{"line":34,"column":55}},"19":{"start":{"line":37,"column":6},"end":{"line":47,"column":22}},"20":{"start":{"line":38,"column":8},"end":{"line":38,"column":23}},"21":{"start":{"line":40,"column":8},"end":{"line":45,"column":9}},"22":{"start":{"line":40,"column":21},"end":{"line":40,"column":22}},"23":{"start":{"line":41,"column":10},"end":{"line":44,"column":11}},"24":{"start":{"line":42,"column":12},"end":{"line":42,"column":88}},"25":{"start":{"line":43,"column":12},"end":{"line":43,"column":26}},"26":{"start":{"line":52,"column":0},"end":{"line":52,"column":33}}},"fnMap":{"0":{"name":"applyCustomSort","decl":{"start":{"line":6,"column":9},"end":{"line":6,"column":24}},"loc":{"start":{"line":6,"column":27},"end":{"line":50,"column":1}},"line":6},"1":{"name":"(anonymous_1)","decl":{"start":{"line":7,"column":23},"end":{"line":7,"column":24}},"loc":{"start":{"line":7,"column":49},"end":{"line":49,"column":3}},"line":7}},"branchMap":{"0":{"loc":{"start":{"line":11,"column":4},"end":{"line":48,"column":5}},"type":"if","locations":[{"start":{"line":11,"column":4},"end":{"line":48,"column":5}},{"start":{"line":11,"column":4},"end":{"line":48,"column":5}}],"line":11},"1":{"loc":{"start":{"line":21,"column":10},"end":{"line":24,"column":11}},"type":"if","locations":[{"start":{"line":21,"column":10},"end":{"line":24,"column":11}},{"start":{"line":21,"column":10},"end":{"line":24,"column":11}}],"line":21},"2":{"loc":{"start":{"line":26,"column":10},"end":{"line":29,"column":11}},"type":"if","locations":[{"start":{"line":26,"column":10},"end":{"line":29,"column":11}},{"start":{"line":26,"column":10},"end":{"line":29,"column":11}}],"line":26},"3":{"loc":{"start":{"line":41,"column":10},"end":{"line":44,"column":11}},"type":"if","locations":[{"start":{"line":41,"column":10},"end":{"line":44,"column":11}},{"start":{"line":41,"column":10},"end":{"line":44,"column":11}}],"line":41}},"s":{"0":1,"1":1,"2":1,"3":1,"4":0,"5":0,"6":0,"7":0,"8":0,"9":0,"10":0,"11":0,"12":0,"13":0,"14":0,"15":0,"16":0,"17":1,"18":1,"19":1,"20":3,"21":3,"22":3,"23":6,"24":2,"25":2,"26":1},"f":{"0":1,"1":1},"b":{"0":[0,1],"1":[0,0],"2":[0,0],"3":[2,4]},"_coverageSchema":"43e27e138ebf9cfc5966b082cf9a028302ed4184","hash":"0cf7858e9b31dc8ce61d1615182d9cc5c9c87801"}
}
