TN:
SF:C:\Users\artyw\AppData\Local\Programs\WebStorm\plugins\javascript-impl\helpers\base-test-reporter\intellij-stringifier.js
FN:7,stringify
FN:19,doStringify
FN:31,(anonymous_2)
FN:42,(anonymous_3)
FN:47,isObject
FN:51,deepCopyAndNormalize
FN:53,doCopy
FN:70,(anonymous_7)
FN:79,(anonymous_8)
FNF:9
FNH:6
FNDA:2,stringify
FNDA:2,doStringify
FNDA:4,(anonymous_2)
FNDA:0,(anonymous_3)
FNDA:0,isObject
FNDA:2,deepCopyAndNormalize
FNDA:5,doCopy
FNDA:3,(anonymous_7)
FNDA:0,(anonymous_8)
DA:1,1
DA:8,2
DA:9,2
DA:10,2
DA:12,0
DA:20,2
DA:21,0
DA:23,2
DA:24,2
DA:25,0
DA:27,2
DA:28,1
DA:31,1
DA:32,4
DA:34,0
DA:35,0
DA:37,0
DA:39,4
DA:41,1
DA:42,0
DA:44,1
DA:48,0
DA:52,2
DA:53,2
DA:54,5
DA:55,1
DA:57,4
DA:58,3
DA:60,1
DA:61,0
DA:64,1
DA:65,0
DA:67,1
DA:68,1
DA:69,1
DA:70,1
DA:71,3
DA:75,0
DA:76,0
DA:77,0
DA:78,0
DA:79,0
DA:80,0
DA:82,0
DA:84,0
DA:87,1
DA:92,1
LF:47
LH:29
BRDA:9,0,0,2
BRDA:9,0,1,0
BRDA:20,1,0,0
BRDA:20,1,1,2
BRDA:24,2,0,0
BRDA:24,2,1,2
BRDA:27,3,0,1
BRDA:27,3,1,1
BRDA:32,4,0,0
BRDA:32,4,1,4
BRDA:34,5,0,0
BRDA:34,5,1,0
BRDA:41,6,0,0
BRDA:41,6,1,1
BRDA:54,7,0,1
BRDA:54,7,1,4
BRDA:57,8,0,3
BRDA:57,8,1,1
BRDA:57,9,0,4
BRDA:57,9,1,4
BRDA:57,9,2,4
BRDA:60,10,0,0
BRDA:60,10,1,1
BRDA:64,11,0,0
BRDA:64,11,1,1
BRDA:69,12,0,1
BRDA:69,12,1,0
BRDA:75,13,0,0
BRDA:75,13,1,0
BRF:29
BRH:17
end_of_record
TN:
SF:C:\Users\artyw\AppData\Local\Programs\WebStorm\plugins\javascript-impl\helpers\base-test-reporter\intellij-tree.js
FN:3,inherit
FN:15,Tree
FN:22,(anonymous_2)
FN:38,(anonymous_3)
FN:42,(anonymous_4)
FN:46,(anonymous_5)
FN:58,(anonymous_6)
FN:64,(anonymous_7)
FN:69,(anonymous_8)
FN:73,(anonymous_9)
FN:94,Node
FN:137,NodeState
FN:140,(anonymous_12)
FN:153,(anonymous_13)
FN:163,(anonymous_14)
FN:175,(anonymous_15)
FN:204,(anonymous_16)
FN:221,(anonymous_17)
FN:237,(anonymous_18)
FN:246,(anonymous_19)
FN:267,(anonymous_20)
FN:275,(anonymous_21)
FN:291,(anonymous_22)
FN:295,(anonymous_23)
FN:316,TestSuiteNode
FN:342,(anonymous_25)
FN:346,(anonymous_26)
FN:359,(anonymous_27)
FN:370,getChildrenByName
FN:380,addChildNode
FN:399,(anonymous_30)
FN:407,(anonymous_31)
FN:415,(anonymous_32)
FN:426,(anonymous_33)
FN:447,(anonymous_34)
FN:464,(anonymous_35)
FN:484,TestNode
FN:545,TestOutcome
FN:548,(anonymous_38)
FN:570,(anonymous_39)
FN:594,(anonymous_40)
FN:598,(anonymous_41)
FN:606,(anonymous_42)
FN:614,(anonymous_43)
FN:634,(anonymous_44)
FN:669,(anonymous_45)
FN:678,(anonymous_46)
FN:684,(anonymous_47)
FN:687,addMapping
FN:710,(anonymous_49)
FN:715,isAttributeValueEscapingNeeded
FN:725,escapeAttributeValue
FN:754,isString
FNF:53
FNH:30
FNDA:2,inherit
FNDA:1,Tree
FNDA:4,(anonymous_2)
FNDA:1,(anonymous_3)
FNDA:1,(anonymous_4)
FNDA:0,(anonymous_5)
FNDA:1,(anonymous_6)
FNDA:0,(anonymous_7)
FNDA:0,(anonymous_8)
FNDA:0,(anonymous_9)
FNDA:2,Node
FNDA:4,NodeState
FNDA:0,(anonymous_12)
FNDA:0,(anonymous_13)
FNDA:0,(anonymous_14)
FNDA:1,(anonymous_15)
FNDA:1,(anonymous_16)
FNDA:1,(anonymous_17)
FNDA:0,(anonymous_18)
FNDA:2,(anonymous_19)
FNDA:0,(anonymous_20)
FNDA:1,(anonymous_21)
FNDA:0,(anonymous_22)
FNDA:0,(anonymous_23)
FNDA:1,TestSuiteNode
FNDA:0,(anonymous_25)
FNDA:0,(anonymous_26)
FNDA:0,(anonymous_27)
FNDA:1,getChildrenByName
FNDA:1,addChildNode
FNDA:0,(anonymous_30)
FNDA:0,(anonymous_31)
FNDA:0,(anonymous_32)
FNDA:1,(anonymous_33)
FNDA:0,(anonymous_34)
FNDA:0,(anonymous_35)
FNDA:1,TestNode
FNDA:4,TestOutcome
FNDA:0,(anonymous_38)
FNDA:1,(anonymous_39)
FNDA:1,(anonymous_40)
FNDA:0,(anonymous_41)
FNDA:1,(anonymous_42)
FNDA:1,(anonymous_43)
FNDA:1,(anonymous_44)
FNDA:0,(anonymous_45)
FNDA:0,(anonymous_46)
FNDA:1,(anonymous_47)
FNDA:9,addMapping
FNDA:1181,(anonymous_49)
FNDA:9,isAttributeValueEscapingNeeded
FNDA:9,escapeAttributeValue
FNDA:11,isString
DA:1,1
DA:4,2
DA:16,1
DA:17,1
DA:22,1
DA:23,4
DA:30,1
DA:35,1
DA:38,1
DA:39,1
DA:42,1
DA:43,1
DA:46,1
DA:47,0
DA:48,0
DA:49,0
DA:51,0
DA:52,0
DA:54,0
DA:55,0
DA:58,1
DA:59,1
DA:60,1
DA:64,1
DA:65,0
DA:66,0
DA:69,1
DA:70,0
DA:73,1
DA:74,0
DA:75,0
DA:76,0
DA:78,0
DA:79,0
DA:99,2
DA:104,2
DA:109,2
DA:114,2
DA:119,2
DA:124,2
DA:129,2
DA:138,4
DA:140,1
DA:141,0
DA:143,1
DA:144,1
DA:145,1
DA:146,1
DA:153,1
DA:154,0
DA:155,0
DA:156,0
DA:163,1
DA:164,0
DA:165,0
DA:167,0
DA:175,1
DA:176,1
DA:177,1
DA:178,1
DA:179,1
DA:180,1
DA:181,1
DA:182,1
DA:183,1
DA:184,1
DA:185,1
DA:186,1
DA:187,1
DA:190,1
DA:191,0
DA:193,1
DA:194,1
DA:204,1
DA:205,1
DA:206,0
DA:208,1
DA:210,0
DA:212,1
DA:213,1
DA:214,1
DA:221,1
DA:222,1
DA:223,1
DA:225,0
DA:226,0
DA:227,0
DA:229,0
DA:237,1
DA:238,0
DA:246,1
DA:247,2
DA:248,1
DA:250,1
DA:251,0
DA:253,1
DA:254,1
DA:255,1
DA:256,1
DA:257,0
DA:258,0
DA:259,0
DA:267,1
DA:268,0
DA:275,1
DA:276,1
DA:277,1
DA:278,1
DA:279,1
DA:280,1
DA:282,1
DA:283,1
DA:291,1
DA:292,0
DA:295,1
DA:296,0
DA:297,0
DA:298,0
DA:300,0
DA:317,1
DA:322,1
DA:327,1
DA:332,1
DA:335,1
DA:342,1
DA:343,0
DA:344,0
DA:346,0
DA:347,0
DA:349,0
DA:351,0
DA:359,1
DA:360,0
DA:361,0
DA:362,0
DA:364,0
DA:371,1
DA:372,0
DA:374,1
DA:381,1
DA:382,1
DA:383,1
DA:384,0
DA:385,0
DA:386,0
DA:388,0
DA:391,1
DA:399,1
DA:400,0
DA:407,1
DA:408,0
DA:415,1
DA:416,0
DA:426,1
DA:427,1
DA:428,0
DA:430,1
DA:431,1
DA:432,1
DA:434,1
DA:435,1
DA:436,1
DA:437,1
DA:447,1
DA:448,0
DA:449,0
DA:451,0
DA:452,0
DA:453,0
DA:455,0
DA:456,0
DA:457,0
DA:458,0
DA:464,1
DA:465,0
DA:466,0
DA:467,0
DA:468,0
DA:485,1
DA:490,1
DA:495,1
DA:500,1
DA:505,1
DA:510,1
DA:515,1
DA:520,1
DA:525,1
DA:530,1
DA:535,1
DA:538,1
DA:546,4
DA:548,1
DA:549,0
DA:552,1
DA:553,1
DA:554,1
DA:555,1
DA:557,1
DA:570,1
DA:573,1
DA:574,0
DA:576,1
DA:577,1
DA:578,1
DA:579,1
DA:580,1
DA:581,1
DA:582,1
DA:583,1
DA:584,1
DA:585,0
DA:586,0
DA:588,0
DA:589,0
DA:594,1
DA:595,1
DA:598,1
DA:599,0
DA:606,1
DA:607,1
DA:614,1
DA:615,1
DA:617,0
DA:619,0
DA:621,1
DA:623,0
DA:625,0
DA:634,1
DA:635,1
DA:636,1
DA:637,1
DA:639,1
DA:640,0
DA:642,1
DA:643,1
DA:645,1
DA:646,1
DA:648,1
DA:649,1
DA:651,1
DA:652,1
DA:654,1
DA:655,1
DA:657,1
DA:658,0
DA:660,1
DA:661,0
DA:663,1
DA:669,1
DA:670,0
DA:671,0
DA:678,1
DA:679,0
DA:680,0
DA:684,1
DA:685,1
DA:688,9
DA:689,0
DA:691,9
DA:692,9
DA:693,9
DA:696,0
DA:700,1
DA:701,1
DA:702,1
DA:703,1
DA:704,1
DA:705,1
DA:706,1
DA:707,1
DA:708,1
DA:710,1
DA:711,1181
DA:716,9
DA:717,9
DA:718,232
DA:719,5
DA:722,4
DA:726,9
DA:727,0
DA:729,9
DA:730,9
DA:731,4
DA:733,5
DA:734,5
DA:735,5
DA:736,949
DA:737,949
DA:738,49
DA:739,49
DA:742,900
DA:745,5
DA:748,1
DA:755,11
DA:758,1
LF:295
LH:202
BRDA:39,0,0,1
BRDA:39,0,1,0
BRDA:48,1,0,0
BRDA:48,1,1,0
BRDA:51,2,0,0
BRDA:51,2,1,0
BRDA:59,3,0,1
BRDA:59,3,1,0
BRDA:59,4,0,1
BRDA:59,4,1,1
BRDA:164,5,0,0
BRDA:164,5,1,0
BRDA:180,6,0,1
BRDA:180,6,1,0
BRDA:184,7,0,1
BRDA:184,7,1,0
BRDA:186,8,0,1
BRDA:186,8,1,0
BRDA:190,9,0,0
BRDA:190,9,1,1
BRDA:205,10,0,0
BRDA:205,10,1,1
BRDA:208,11,0,0
BRDA:208,11,1,1
BRDA:222,12,0,1
BRDA:222,12,1,0
BRDA:225,13,0,0
BRDA:225,13,1,0
BRDA:247,14,0,1
BRDA:247,14,1,1
BRDA:250,15,0,0
BRDA:250,15,1,1
BRDA:250,16,0,1
BRDA:250,16,1,1
BRDA:256,17,0,0
BRDA:256,17,1,1
BRDA:258,18,0,0
BRDA:258,18,1,0
BRDA:258,19,0,0
BRDA:258,19,1,0
BRDA:279,20,0,1
BRDA:279,20,1,0
BRDA:296,21,0,0
BRDA:296,21,1,0
BRDA:344,22,0,0
BRDA:344,22,1,0
BRDA:349,23,0,0
BRDA:349,23,1,0
BRDA:361,24,0,0
BRDA:361,24,1,0
BRDA:364,25,0,0
BRDA:364,25,1,0
BRDA:371,26,0,0
BRDA:371,26,1,1
BRDA:383,27,0,0
BRDA:383,27,1,1
BRDA:384,28,0,0
BRDA:384,28,1,0
BRDA:427,29,0,0
BRDA:427,29,1,1
BRDA:431,30,0,1
BRDA:431,30,1,0
BRDA:448,31,0,0
BRDA:448,31,1,0
BRDA:452,32,0,0
BRDA:452,32,1,0
BRDA:466,33,0,0
BRDA:466,33,1,0
BRDA:467,34,0,0
BRDA:467,34,1,0
BRDA:573,35,0,0
BRDA:573,35,1,1
BRDA:580,36,0,1
BRDA:580,36,1,0
BRDA:581,37,0,1
BRDA:581,37,1,0
BRDA:582,38,0,0
BRDA:582,38,1,1
BRDA:583,39,0,0
BRDA:583,39,1,1
BRDA:584,40,0,0
BRDA:584,40,1,1
BRDA:585,41,0,0
BRDA:585,41,1,0
BRDA:588,42,0,0
BRDA:588,42,1,0
BRDA:588,43,0,0
BRDA:588,43,1,0
BRDA:615,44,0,0
BRDA:615,44,1,0
BRDA:615,44,2,1
BRDA:615,44,3,0
BRDA:615,44,4,0
BRDA:636,45,0,1
BRDA:636,45,1,0
BRDA:639,46,0,0
BRDA:639,46,1,1
BRDA:642,47,0,1
BRDA:642,47,1,0
BRDA:645,48,0,1
BRDA:645,48,1,0
BRDA:648,49,0,1
BRDA:648,49,1,0
BRDA:651,50,0,1
BRDA:651,50,1,0
BRDA:654,51,0,1
BRDA:654,51,1,0
BRDA:657,52,0,0
BRDA:657,52,1,1
BRDA:660,53,0,0
BRDA:660,53,1,1
BRDA:663,54,0,0
BRDA:663,54,1,1
BRDA:670,55,0,0
BRDA:670,55,1,0
BRDA:679,56,0,0
BRDA:679,56,1,0
BRDA:688,57,0,0
BRDA:688,57,1,9
BRDA:688,58,0,9
BRDA:688,58,1,9
BRDA:692,59,0,9
BRDA:692,59,1,0
BRDA:718,60,0,5
BRDA:718,60,1,227
BRDA:726,61,0,0
BRDA:726,61,1,9
BRDA:730,62,0,4
BRDA:730,62,1,5
BRDA:737,63,0,49
BRDA:737,63,1,900
BRDA:755,64,0,11
BRDA:755,64,1,5
BRF:133
BRH:52
end_of_record
TN:
SF:C:\Users\artyw\AppData\Local\Programs\WebStorm\plugins\javascript-impl\helpers\base-test-reporter\intellij-util.js
FN:7,isString
FN:18,joinList
FNF:2
FNH:2
FNDA:9,isString
FNDA:1,joinList
DA:1,1
DA:8,9
DA:19,1
DA:20,0
DA:22,1
DA:23,0
DA:25,1
DA:26,1
DA:27,1
DA:28,1
DA:29,1
DA:34,1
DA:35,2
DA:36,1
DA:38,2
DA:39,2
DA:40,2
DA:41,2
DA:42,116
DA:43,116
DA:44,116
DA:45,7
DA:47,116
DA:50,1
DA:53,1
DA:54,1
LF:26
LH:24
BRDA:8,0,0,9
BRDA:8,0,1,2
BRDA:19,1,0,0
BRDA:19,1,1,1
BRDA:22,2,0,0
BRDA:22,2,1,1
BRDA:35,3,0,1
BRDA:35,3,1,1
BRDA:44,4,0,7
BRDA:44,4,1,109
BRDA:44,5,0,116
BRDA:44,5,1,113
BRF:12
BRH:10
end_of_record
TN:
SF:C:\Users\artyw\AppData\Local\Programs\WebStorm\plugins\javascript-impl\helpers\jest-intellij\lib\jest-intellij-util.js
FN:8,addTestFileNode
FN:12,reportTestFileResults
FN:21,(anonymous_2)
FN:60,resolveSpecParent
FN:62,(anonymous_4)
FN:81,createSpecNodeAndStart
FN:93,findFirstUnfinishedSpecNode
FN:95,(anonymous_7)
FN:106,reportSpecResult
FN:126,getFirstElement
FN:130,finishSpecNode
FN:167,normalizeFailureMessageAndStack
FN:183,splitFailureMessageAndStack
FN:185,(anonymous_13)
FN:202,getLocationPath
FN:217,getOutcome
FN:230,warn
FN:245,safeFn
FN:246,(anonymous_18)
FN:255,addErrorTestChild
FN:262,addEmptyTestResultIfNeeded
FN:263,(anonymous_21)
FN:268,isCreatedState
FN:273,getRunScopeType
FN:280,isSuitesOrTestsScope
FN:296,(anonymous_25)
FN:303,(anonymous_26)
FN:310,(anonymous_27)
FN:314,splitByLines
FN:318,containsExpectedAndActualValues
FNF:30
FNH:8
FNDA:0,addTestFileNode
FNDA:0,reportTestFileResults
FNDA:0,(anonymous_2)
FNDA:0,resolveSpecParent
FNDA:0,(anonymous_4)
FNDA:0,createSpecNodeAndStart
FNDA:0,findFirstUnfinishedSpecNode
FNDA:0,(anonymous_7)
FNDA:0,reportSpecResult
FNDA:0,getFirstElement
FNDA:0,finishSpecNode
FNDA:1,normalizeFailureMessageAndStack
FNDA:0,splitFailureMessageAndStack
FNDA:0,(anonymous_13)
FNDA:1,getLocationPath
FNDA:0,getOutcome
FNDA:0,warn
FNDA:0,safeFn
FNDA:0,(anonymous_18)
FNDA:0,addErrorTestChild
FNDA:1,addEmptyTestResultIfNeeded
FNDA:1,(anonymous_21)
FNDA:2,isCreatedState
FNDA:0,getRunScopeType
FNDA:0,isSuitesOrTestsScope
FNDA:0,(anonymous_25)
FNDA:1,(anonymous_26)
FNDA:0,(anonymous_27)
FNDA:1,splitByLines
FNDA:1,containsExpectedAndActualValues
DA:1,1
DA:2,1
DA:3,1
DA:4,1
DA:5,1
DA:6,1
DA:9,0
DA:13,0
DA:14,0
DA:15,0
DA:16,0
DA:19,0
DA:21,0
DA:22,0
DA:24,0
DA:61,0
DA:62,0
DA:63,0
DA:64,0
DA:65,0
DA:66,0
DA:67,0
DA:69,0
DA:71,0
DA:82,0
DA:83,0
DA:84,0
DA:85,0
DA:86,0
DA:94,0
DA:95,0
DA:96,0
DA:107,0
DA:108,0
DA:110,0
DA:111,0
DA:113,0
DA:117,0
DA:119,0
DA:123,0
DA:127,0
DA:132,0
DA:133,0
DA:134,0
DA:135,0
DA:136,0
DA:137,0
DA:138,0
DA:139,0
DA:140,0
DA:143,0
DA:144,0
DA:145,0
DA:148,0
DA:149,0
DA:150,0
DA:151,0
DA:152,0
DA:156,0
DA:157,0
DA:158,0
DA:160,0
DA:161,0
DA:162,0
DA:164,0
DA:168,1
DA:169,1
DA:170,1
DA:173,0
DA:174,0
DA:175,0
DA:176,0
DA:180,1
DA:184,0
DA:185,0
DA:186,0
DA:187,0
DA:189,0
DA:203,1
DA:204,1
DA:205,0
DA:206,0
DA:208,1
DA:209,1
DA:210,1
DA:218,0
DA:219,0
DA:221,0
DA:222,0
DA:224,0
DA:225,0
DA:227,0
DA:231,0
DA:232,0
DA:233,0
DA:236,0
DA:237,0
DA:246,0
DA:247,0
DA:248,0
DA:250,0
DA:256,0
DA:257,0
DA:258,0
DA:259,0
DA:263,1
DA:264,0
DA:269,2
DA:274,0
DA:275,0
DA:277,0
DA:281,0
DA:282,0
DA:285,1
DA:286,1
DA:287,1
DA:288,1
DA:289,1
DA:290,1
DA:291,1
DA:292,1
DA:293,1
DA:294,1
DA:296,1
DA:297,0
DA:298,0
DA:299,0
DA:301,0
DA:303,1
DA:304,1
DA:305,0
DA:308,1
DA:310,1
DA:311,0
DA:315,1
DA:319,1
DA:320,1
DA:321,1
DA:325,0
DA:328,1
DA:329,1
LF:141
LH:38
BRDA:15,0,0,0
BRDA:15,0,1,0
BRDA:15,1,0,0
BRDA:15,1,1,0
BRDA:15,2,0,0
BRDA:15,2,1,0
BRDA:64,3,0,0
BRDA:64,3,1,0
BRDA:64,4,0,0
BRDA:64,4,1,0
BRDA:107,5,0,0
BRDA:107,5,1,0
BRDA:107,6,0,0
BRDA:107,6,1,0
BRDA:111,7,0,0
BRDA:111,7,1,0
BRDA:111,8,0,0
BRDA:111,8,1,0
BRDA:119,9,0,0
BRDA:119,9,1,0
BRDA:127,10,0,0
BRDA:127,10,1,0
BRDA:127,11,0,0
BRDA:127,11,1,0
BRDA:133,12,0,0
BRDA:133,12,1,0
BRDA:138,13,0,0
BRDA:138,13,1,0
BRDA:138,14,0,0
BRDA:138,14,1,0
BRDA:143,15,0,0
BRDA:143,15,1,0
BRDA:144,16,0,0
BRDA:144,16,1,0
BRDA:149,17,0,0
BRDA:149,17,1,0
BRDA:149,18,0,0
BRDA:149,18,1,0
BRDA:157,19,0,0
BRDA:157,19,1,0
BRDA:157,20,0,0
BRDA:157,20,1,0
BRDA:161,21,0,0
BRDA:161,21,1,0
BRDA:168,22,0,1
BRDA:168,22,1,0
BRDA:168,23,0,1
BRDA:168,23,1,1
BRDA:168,23,2,1
BRDA:169,24,0,1
BRDA:169,24,1,0
BRDA:174,25,0,0
BRDA:174,25,1,0
BRDA:186,26,0,0
BRDA:186,26,1,0
BRDA:208,27,0,1
BRDA:208,27,1,0
BRDA:218,28,0,0
BRDA:218,28,1,0
BRDA:221,29,0,0
BRDA:221,29,1,0
BRDA:221,30,0,0
BRDA:221,30,1,0
BRDA:224,31,0,0
BRDA:224,31,1,0
BRDA:263,32,0,0
BRDA:263,32,1,1
BRDA:274,33,0,0
BRDA:274,33,1,0
BRDA:282,34,0,0
BRDA:282,34,1,0
BRDA:282,34,2,0
BRDA:298,35,0,0
BRDA:298,35,1,0
BRDA:304,36,0,0
BRDA:304,36,1,1
BRDA:319,37,0,1
BRDA:319,37,1,0
BRDA:321,38,0,1
BRDA:321,38,1,1
BRDA:321,38,2,1
BRF:81
BRH:12
end_of_record
TN:
SF:D:\web\js_array-method-sort\src\arrayMethodSort.js
FN:6,applyCustomSort
FN:7,(anonymous_1)
FNF:2
FNH:2
FNDA:1,applyCustomSort
FNDA:1,(anonymous_1)
DA:7,1
DA:8,1
DA:9,1
DA:11,1
DA:12,0
DA:13,0
DA:16,0
DA:18,0
DA:20,0
DA:21,0
DA:22,0
DA:23,0
DA:26,0
DA:27,0
DA:28,0
DA:33,1
DA:34,1
DA:37,1
DA:38,3
DA:40,3
DA:41,6
DA:42,2
DA:43,2
DA:52,1
LF:24
LH:13
BRDA:11,0,0,0
BRDA:11,0,1,1
BRDA:21,1,0,0
BRDA:21,1,1,0
BRDA:26,2,0,0
BRDA:26,2,1,0
BRDA:41,3,0,2
BRDA:41,3,1,4
BRF:8
BRH:3
end_of_record
